#
# There is insufficient memory for the Java Runtime Environment to continue.
# Native memory allocation (malloc) failed to allocate 32744 bytes for ChunkPool::allocate
# Possible reasons:
#   The system is out of physical RAM or swap space
#   In 32 bit mode, the process size limit was hit
# Possible solutions:
#   Reduce memory load on the system
#   Increase physical memory or swap space
#   Check if swap backing store is full
#   Use 64 bit Java on a 64 bit OS
#   Decrease Java heap size (-Xmx/-Xms)
#   Decrease number of Java threads
#   Decrease Java thread stack sizes (-Xss)
#   Set larger code cache with -XX:ReservedCodeCacheSize=
# This output file may be truncated or incomplete.
#
#  Out of Memory Error (allocation.cpp:273), pid=7584, tid=0x000000000000314c
#
# JRE version: Java(TM) SE Runtime Environment (8.0_121-b13) (build 1.8.0_121-b13)
# Java VM: Java HotSpot(TM) 64-Bit Server VM (25.121-b13 mixed mode windows-amd64 compressed oops)
# Failed to write core dump. Minidumps are not enabled by default on client versions of Windows
#

---------------  T H R E A D  ---------------

Current thread (0x000000005512a000):  JavaThread "C2 CompilerThread0" daemon [_thread_in_native, id=12620, stack(0x00000000567a0000,0x00000000568a0000)]

Stack: [0x00000000567a0000,0x00000000568a0000]
[error occurred during error reporting (printing stack bounds), id 0xc0000005]

Native frames: (J=compiled Java code, j=interpreted, Vv=VM code, C=native code)


Current CompileTask:
C2:3510978 13920   !   4       org.gradle.api.internal.AbstractClassGenerator::generateUnderLock (1075 bytes)


---------------  P R O C E S S  ---------------

Java Threads: ( => current thread )
  0x000000005e4e7800 JavaThread "build operations Thread 4" [_thread_blocked, id=36028, stack(0x00000000630a0000,0x00000000631a0000)]
  0x000000005e4e2000 JavaThread "build operations Thread 3" [_thread_blocked, id=35724, stack(0x0000000062cc0000,0x0000000062dc0000)]
  0x000000005e4e7000 JavaThread "build operations Thread 2" [_thread_blocked, id=36052, stack(0x00000000610b0000,0x00000000611b0000)]
  0x000000005e4e8800 JavaThread "build operations" [_thread_blocked, id=36036, stack(0x000000005f630000,0x000000005f730000)]
  0x00000000577a6000 JavaThread "Cache worker for Artifact transforms cache (C:\Users\namrata.s\.gradle\caches\transforms-1)" [_thread_blocked, id=35928, stack(0x0000000060440000,0x0000000060540000)]
  0x00000000577a2000 JavaThread "Cache worker for file hash cache (C:\Users\namrata.s\Downloads\Faast_New\.gradle\4.1\fileHashes)" [_thread_blocked, id=31288, stack(0x000000005f4d0000,0x000000005f5d0000)]
  0x00000000577a7800 JavaThread "Stdin handler" [_thread_blocked, id=36848, stack(0x000000005f350000,0x000000005f450000)]
  0x00000000577a8800 JavaThread "Asynchronous log dispatcher for DefaultDaemonConnection: socket connection from /127.0.0.1:64713 to /127.0.0.1:59383" [_thread_blocked, id=36844, stack(0x000000005a810000,0x000000005a910000)]
  0x00000000577a9000 JavaThread "Daemon worker Thread 5" [_thread_in_Java, id=36804, stack(0x000000005b270000,0x000000005b370000)]
  0x00000000577a6800 JavaThread "Cancel handler" [_thread_blocked, id=36800, stack(0x000000005ab60000,0x000000005ac60000)]
  0x00000000577a3800 JavaThread "Handler for socket connection from /127.0.0.1:64713 to /127.0.0.1:59383" [_thread_in_native, id=36796, stack(0x000000005a2b0000,0x000000005a3b0000)]
  0x00000000577a1800 JavaThread "Daemon Thread 5" [_thread_blocked, id=36792, stack(0x000000005a3c0000,0x000000005a4c0000)]
  0x00000000577aa000 JavaThread "Memory manager" [_thread_blocked, id=13204, stack(0x000000005a950000,0x000000005aa50000)]
  0x00000000577a0800 JavaThread "File lock request listener" [_thread_in_native, id=12904, stack(0x000000005aec0000,0x000000005afc0000)]
  0x00000000577a0000 JavaThread "Cache worker for file hash cache (C:\Users\namrata.s\.gradle\caches\4.1\fileHashes)" [_thread_blocked, id=12900, stack(0x000000005ad10000,0x000000005ae10000)]
  0x00000000581f7800 JavaThread "Daemon periodic checks" [_thread_blocked, id=12828, stack(0x000000005a0f0000,0x000000005a1f0000)]
  0x00000000581f5000 JavaThread "Incoming local TCP Connector on port 64713" [_thread_in_native, id=12808, stack(0x0000000059df0000,0x0000000059ef0000)]
  0x0000000056c41000 JavaThread "Daemon health stats" [_thread_blocked, id=7876, stack(0x0000000057150000,0x0000000057250000)]
  0x000000005512f800 JavaThread "Service Thread" daemon [_thread_blocked, id=12604, stack(0x0000000057050000,0x0000000057150000)]
  0x000000005512d000 JavaThread "C1 CompilerThread2" daemon [_thread_blocked, id=12612, stack(0x0000000056aa0000,0x0000000056ba0000)]
  0x000000005512c000 JavaThread "C2 CompilerThread1" daemon [_thread_blocked, id=12624, stack(0x0000000056960000,0x0000000056a60000)]
=>0x000000005512a000 JavaThread "C2 CompilerThread0" daemon [_thread_in_native, id=12620, stack(0x00000000567a0000,0x00000000568a0000)]
  0x0000000055126800 JavaThread "Attach Listener" daemon [_thread_blocked, id=12616, stack(0x00000000565d0000,0x00000000566d0000)]
  0x0000000055122000 JavaThread "Signal Dispatcher" daemon [_thread_blocked, id=12636, stack(0x0000000056490000,0x0000000056590000)]
  0x0000000055109000 JavaThread "Finalizer" daemon [_thread_blocked, id=12628, stack(0x0000000056390000,0x0000000056490000)]
  0x00000000550c2000 JavaThread "Reference Handler" daemon [_thread_blocked, id=12608, stack(0x0000000056020000,0x0000000056120000)]
  0x000000000015d800 JavaThread "main" [_thread_blocked, id=12572, stack(0x0000000002580000,0x0000000002680000)]

Other Threads:
  0x00000000550ba000 VMThread [stack: 0x0000000056130000,0x0000000056230000] [id=12552]
  0x0000000056c1e800 WatcherThread [stack: 0x00000000572b0000,0x00000000573b0000] [id=11500]

VM state:not at safepoint (normal execution)

VM Mutex/Monitor currently owned by a thread: None

Heap:
 PSYoungGen      total 325120K, used 265281K [0x00000000eab00000, 0x0000000100000000, 0x0000000100000000)
  eden space 300032K, 84% used [0x00000000eab00000,0x00000000fa1d4c38,0x00000000fd000000)
  from space 25088K, 49% used [0x00000000fe780000,0x00000000ff3bb998,0x0000000100000000)
  to   space 24064K, 0% used [0x00000000fd000000,0x00000000fd000000,0x00000000fe780000)
 ParOldGen       total 99328K, used 48881K [0x00000000c0000000, 0x00000000c6100000, 0x00000000eab00000)
  object space 99328K, 49% used [0x00000000c0000000,0x00000000c2fbc490,0x00000000c6100000)
 Metaspace       used 69795K, capacity 73846K, committed 74008K, reserved 1112064K
  class space    used 9422K, capacity 10424K, committed 10520K, reserved 1048576K

Card table byte_map: [0x0000000011d10000,0x0000000011f20000] byte_map_base: 0x0000000011710000

Marking Bits: (ParMarkBitMap*) 0x000000006e24b6d0
 Begin Bits: [0x0000000012530000, 0x0000000013530000)
 End Bits:   [0x0000000013530000, 0x0000000014530000)

Polling page: 0x0000000000130000

CodeCache: size=245760Kb used=38562Kb max_used=38726Kb free=207197Kb
 bounds [0x0000000002950000, 0x0000000004f60000, 0x0000000011950000]
 total_blobs=12146 nmethods=11326 adapters=732
 compilation: enabled

Compilation events (10 events):
Event: 3509.404 Thread 0x000000005512d000 nmethod 13933 0x0000000003040a10 code [0x0000000003040ca0, 0x0000000003042228]
Event: 3509.409 Thread 0x000000005512d000 13936       3       org.gradle.api.internal.artifacts.configurations.DefaultConfiguration::validateParentMutation (104 bytes)
Event: 3509.412 Thread 0x000000005512d000 nmethod 13936 0x0000000004f54d90 code [0x0000000004f55100, 0x0000000004f56e28]
Event: 3509.415 Thread 0x000000005512d000 13934       1       org.gradle.api.internal.artifacts.dsl.dependencies.DefaultDependencyHandler::getAdditionalMethods (5 bytes)
Event: 3509.420 Thread 0x000000005512d000 nmethod 13934 0x00000000031e9910 code [0x00000000031e9a60, 0x00000000031e9b70]
Event: 3509.422 Thread 0x000000005512d000 13935       1       org.gradle.api.internal.artifacts.dsl.dependencies.DefaultDependencyHandler::access$100 (5 bytes)
Event: 3509.425 Thread 0x000000005512d000 nmethod 13935 0x000000000442ec10 code [0x000000000442ed60, 0x000000000442ee50]
Event: 3509.427 Thread 0x000000005512c000 nmethod 13931 0x0000000003bc1890 code [0x0000000003bc1a80, 0x0000000003bc2910]
Event: 3509.431 Thread 0x000000005512d000 13932       1       org.gradle.api.internal.project.taskfactory.DefaultTaskClassValidatorExtractor$DefaultTaskPropertyActionContext::isCacheable (5 bytes)
Event: 3509.431 Thread 0x000000005512d000 nmethod 13932 0x00000000033f72d0 code [0x00000000033f7420, 0x00000000033f7530]

GC Heap History (10 events):
Event: 44.539 GC heap before
{Heap before GC invocations=13 (full 2):
 PSYoungGen      total 265728K, used 142872K [0x00000000eab00000, 0x00000000fca00000, 0x0000000100000000)
  eden space 248832K, 50% used [0x00000000eab00000,0x00000000f2606608,0x00000000f9e00000)
  from space 16896K, 99% used [0x00000000fb500000,0x00000000fc57fbb8,0x00000000fc580000)
  to   space 22528K, 0% used [0x00000000f9e00000,0x00000000f9e00000,0x00000000fb400000)
 ParOldGen       total 50688K, used 30261K [0x00000000c0000000, 0x00000000c3180000, 0x00000000eab00000)
  object space 50688K, 59% used [0x00000000c0000000,0x00000000c1d8d400,0x00000000c3180000)
 Metaspace       used 56792K, capacity 59080K, committed 59160K, reserved 1099776K
  class space    used 7999K, capacity 8670K, committed 8728K, reserved 1048576K
Event: 44.728 GC heap after
Heap after GC invocations=13 (full 2):
 PSYoungGen      total 271360K, used 15829K [0x00000000eab00000, 0x0000000100000000, 0x0000000100000000)
  eden space 248832K, 0% used [0x00000000eab00000,0x00000000eab00000,0x00000000f9e00000)
  from space 22528K, 70% used [0x00000000f9e00000,0x00000000fad754b8,0x00000000fb400000)
  to   space 23552K, 0% used [0x00000000fe900000,0x00000000fe900000,0x0000000100000000)
 ParOldGen       total 50688K, used 47103K [0x00000000c0000000, 0x00000000c3180000, 0x00000000eab00000)
  object space 50688K, 92% used [0x00000000c0000000,0x00000000c2dffec0,0x00000000c3180000)
 Metaspace       used 56792K, capacity 59080K, committed 59160K, reserved 1099776K
  class space    used 7999K, capacity 8670K, committed 8728K, reserved 1048576K
}
Event: 44.728 GC heap before
{Heap before GC invocations=14 (full 3):
 PSYoungGen      total 271360K, used 15829K [0x00000000eab00000, 0x0000000100000000, 0x0000000100000000)
  eden space 248832K, 0% used [0x00000000eab00000,0x00000000eab00000,0x00000000f9e00000)
  from space 22528K, 70% used [0x00000000f9e00000,0x00000000fad754b8,0x00000000fb400000)
  to   space 23552K, 0% used [0x00000000fe900000,0x00000000fe900000,0x0000000100000000)
 ParOldGen       total 50688K, used 47103K [0x00000000c0000000, 0x00000000c3180000, 0x00000000eab00000)
  object space 50688K, 92% used [0x00000000c0000000,0x00000000c2dffec0,0x00000000c3180000)
 Metaspace       used 56792K, capacity 59080K, committed 59160K, reserved 1099776K
  class space    used 7999K, capacity 8670K, committed 8728K, reserved 1048576K
Event: 45.343 GC heap after
Heap after GC invocations=14 (full 3):
 PSYoungGen      total 271360K, used 0K [0x00000000eab00000, 0x0000000100000000, 0x0000000100000000)
  eden space 248832K, 0% used [0x00000000eab00000,0x00000000eab00000,0x00000000f9e00000)
  from space 22528K, 0% used [0x00000000f9e00000,0x00000000f9e00000,0x00000000fb400000)
  to   space 23552K, 0% used [0x00000000fe900000,0x00000000fe900000,0x0000000100000000)
 ParOldGen       total 99328K, used 48857K [0x00000000c0000000, 0x00000000c6100000, 0x00000000eab00000)
  object space 99328K, 49% used [0x00000000c0000000,0x00000000c2fb6490,0x00000000c6100000)
 Metaspace       used 56792K, capacity 59080K, committed 59160K, reserved 1099776K
  class space    used 7999K, capacity 8670K, committed 8728K, reserved 1048576K
}
Event: 83.657 GC heap before
{Heap before GC invocations=15 (full 3):
 PSYoungGen      total 271360K, used 248832K [0x00000000eab00000, 0x0000000100000000, 0x0000000100000000)
  eden space 248832K, 100% used [0x00000000eab00000,0x00000000f9e00000,0x00000000f9e00000)
  from space 22528K, 0% used [0x00000000f9e00000,0x00000000f9e00000,0x00000000fb400000)
  to   space 23552K, 0% used [0x00000000fe900000,0x00000000fe900000,0x0000000100000000)
 ParOldGen       total 99328K, used 48857K [0x00000000c0000000, 0x00000000c6100000, 0x00000000eab00000)
  object space 99328K, 49% used [0x00000000c0000000,0x00000000c2fb6490,0x00000000c6100000)
 Metaspace       used 64841K, capacity 67688K, committed 67736K, reserved 1107968K
  class space    used 8853K, capacity 9599K, committed 9624K, reserved 1048576K
Event: 83.694 GC heap after
Heap after GC invocations=15 (full 3):
 PSYoungGen      total 323584K, used 16839K [0x00000000eab00000, 0x0000000100000000, 0x0000000100000000)
  eden space 300032K, 0% used [0x00000000eab00000,0x00000000eab00000,0x00000000fd000000)
  from space 23552K, 71% used [0x00000000fe900000,0x00000000ff971c08,0x0000000100000000)
  to   space 24576K, 0% used [0x00000000fd000000,0x00000000fd000000,0x00000000fe800000)
 ParOldGen       total 99328K, used 48865K [0x00000000c0000000, 0x00000000c6100000, 0x00000000eab00000)
  object space 99328K, 49% used [0x00000000c0000000,0x00000000c2fb8490,0x00000000c6100000)
 Metaspace       used 64841K, capacity 67688K, committed 67736K, reserved 1107968K
  class space    used 8853K, capacity 9599K, committed 9624K, reserved 1048576K
}
Event: 1723.141 GC heap before
{Heap before GC invocations=16 (full 3):
 PSYoungGen      total 323584K, used 316846K [0x00000000eab00000, 0x0000000100000000, 0x0000000100000000)
  eden space 300032K, 99% used [0x00000000eab00000,0x00000000fcff9e08,0x00000000fd000000)
  from space 23552K, 71% used [0x00000000fe900000,0x00000000ff971c08,0x0000000100000000)
  to   space 24576K, 0% used [0x00000000fd000000,0x00000000fd000000,0x00000000fe800000)
 ParOldGen       total 99328K, used 48865K [0x00000000c0000000, 0x00000000c6100000, 0x00000000eab00000)
  object space 99328K, 49% used [0x00000000c0000000,0x00000000c2fb8490,0x00000000c6100000)
 Metaspace       used 65958K, capacity 69230K, committed 69528K, reserved 1110016K
  class space    used 8937K, capacity 9786K, committed 9880K, reserved 1048576K
Event: 1724.193 GC heap after
Heap after GC invocations=16 (full 3):
 PSYoungGen      total 315904K, used 15615K [0x00000000eab00000, 0x0000000100000000, 0x0000000100000000)
  eden space 300032K, 0% used [0x00000000eab00000,0x00000000eab00000,0x00000000fd000000)
  from space 15872K, 98% used [0x00000000fd000000,0x00000000fdf3fc80,0x00000000fdf80000)
  to   space 25088K, 0% used [0x00000000fe780000,0x00000000fe780000,0x0000000100000000)
 ParOldGen       total 99328K, used 48873K [0x00000000c0000000, 0x00000000c6100000, 0x00000000eab00000)
  object space 99328K, 49% used [0x00000000c0000000,0x00000000c2fba490,0x00000000c6100000)
 Metaspace       used 65958K, capacity 69230K, committed 69528K, reserved 1110016K
  class space    used 8937K, capacity 9786K, committed 9880K, reserved 1048576K
}
Event: 2848.387 GC heap before
{Heap before GC invocations=17 (full 3):
 PSYoungGen      total 315904K, used 315647K [0x00000000eab00000, 0x0000000100000000, 0x0000000100000000)
  eden space 300032K, 100% used [0x00000000eab00000,0x00000000fd000000,0x00000000fd000000)
  from space 15872K, 98% used [0x00000000fd000000,0x00000000fdf3fc80,0x00000000fdf80000)
  to   space 25088K, 0% used [0x00000000fe780000,0x00000000fe780000,0x0000000100000000)
 ParOldGen       total 99328K, used 48873K [0x00000000c0000000, 0x00000000c6100000, 0x00000000eab00000)
  object space 99328K, 49% used [0x00000000c0000000,0x00000000c2fba490,0x00000000c6100000)
 Metaspace       used 66896K, capacity 70764K, committed 70936K, reserved 1110016K
  class space    used 9031K, capacity 9989K, committed 10008K, reserved 1048576K
Event: 2848.957 GC heap after
Heap after GC invocations=17 (full 3):
 PSYoungGen      total 325120K, used 12526K [0x00000000eab00000, 0x0000000100000000, 0x0000000100000000)
  eden space 300032K, 0% used [0x00000000eab00000,0x00000000eab00000,0x00000000fd000000)
  from space 25088K, 49% used [0x00000000fe780000,0x00000000ff3bb998,0x0000000100000000)
  to   space 24064K, 0% used [0x00000000fd000000,0x00000000fd000000,0x00000000fe780000)
 ParOldGen       total 99328K, used 48881K [0x00000000c0000000, 0x00000000c6100000, 0x00000000eab00000)
  object space 99328K, 49% used [0x00000000c0000000,0x00000000c2fbc490,0x00000000c6100000)
 Metaspace       used 66896K, capacity 70764K, committed 70936K, reserved 1110016K
  class space    used 9031K, capacity 9989K, committed 10008K, reserved 1048576K
}

Deoptimization events (10 events):
Event: 2870.468 Thread 0x00000000577a3800 Uncommon trap: reason=unstable_if action=reinterpret pc=0x0000000003ccaec0 method=java.lang.ref.SoftReference.get()Ljava/lang/Object; @ 6
Event: 2870.550 Thread 0x00000000577a3800 Uncommon trap: reason=unstable_if action=reinterpret pc=0x0000000004e6d784 method=org.apache.commons.lang.StringUtils.splitWorker(Ljava/lang/String;Ljava/lang/String;IZ)[Ljava/lang/String; @ 142
Event: 2870.929 Thread 0x00000000577a3800 Uncommon trap: reason=array_check action=maybe_recompile pc=0x0000000004e7a9dc method=com.google.common.collect.RegularImmutableMap.fromEntryArray(I[Ljava/util/Map$Entry;)Lcom/google/common/collect/RegularImmutableMap; @ 200
Event: 2870.929 Thread 0x00000000577a3800 Uncommon trap: reason=array_check action=maybe_recompile pc=0x0000000004e7a9dc method=com.google.common.collect.RegularImmutableMap.fromEntryArray(I[Ljava/util/Map$Entry;)Lcom/google/common/collect/RegularImmutableMap; @ 200
Event: 2870.929 Thread 0x00000000577a3800 Uncommon trap: reason=array_check action=maybe_recompile pc=0x0000000004e7a9dc method=com.google.common.collect.RegularImmutableMap.fromEntryArray(I[Ljava/util/Map$Entry;)Lcom/google/common/collect/RegularImmutableMap; @ 200
Event: 2870.929 Thread 0x00000000577a3800 Uncommon trap: reason=array_check action=maybe_recompile pc=0x0000000004e7a9dc method=com.google.common.collect.RegularImmutableMap.fromEntryArray(I[Ljava/util/Map$Entry;)Lcom/google/common/collect/RegularImmutableMap; @ 200
Event: 3507.399 Thread 0x00000000577a9000 Uncommon trap: reason=class_check action=maybe_recompile pc=0x0000000004ec855c method=java.util.Collections$UnmodifiableMap$UnmodifiableEntrySet$UnmodifiableEntry.<init>(Ljava/util/Map$Entry;)V @ 9
Event: 3507.401 Thread 0x00000000577a9000 Uncommon trap: reason=class_check action=maybe_recompile pc=0x0000000004ec855c method=java.util.Collections$UnmodifiableMap$UnmodifiableEntrySet$UnmodifiableEntry.<init>(Ljava/util/Map$Entry;)V @ 9
Event: 3507.401 Thread 0x00000000577a9000 Uncommon trap: reason=class_check action=maybe_recompile pc=0x0000000004ec855c method=java.util.Collections$UnmodifiableMap$UnmodifiableEntrySet$UnmodifiableEntry.<init>(Ljava/util/Map$Entry;)V @ 9
Event: 3507.401 Thread 0x00000000577a9000 Uncommon trap: reason=class_check action=maybe_recompile pc=0x0000000004ec855c method=java.util.Collections$UnmodifiableMap$UnmodifiableEntrySet$UnmodifiableEntry.<init>(Ljava/util/Map$Entry;)V @ 9

Internal exceptions (10 events):
Event: 3509.568 Thread 0x00000000577a9000 Exception <a 'sun/nio/fs/WindowsException'> (0x00000000fa16a850) thrown at [C:\re\workspace\8-2-build-windows-amd64-cygwin\jdk8u121\8372\hotspot\src\share\vm\prims\jni.cpp, line 709]
Event: 3509.568 Thread 0x00000000577a9000 Exception <a 'sun/nio/fs/WindowsException'> (0x00000000fa16b1d0) thrown at [C:\re\workspace\8-2-build-windows-amd64-cygwin\jdk8u121\8372\hotspot\src\share\vm\prims\jni.cpp, line 709]
Event: 3509.568 Thread 0x00000000577a9000 Exception <a 'sun/nio/fs/WindowsException'> (0x00000000fa16cd98) thrown at [C:\re\workspace\8-2-build-windows-amd64-cygwin\jdk8u121\8372\hotspot\src\share\vm\prims\jni.cpp, line 709]
Event: 3509.568 Thread 0x00000000577a9000 Exception <a 'sun/nio/fs/WindowsException'> (0x00000000fa16d738) thrown at [C:\re\workspace\8-2-build-windows-amd64-cygwin\jdk8u121\8372\hotspot\src\share\vm\prims\jni.cpp, line 709]
Event: 3509.575 Thread 0x00000000577a9000 Exception <a 'sun/nio/fs/WindowsException'> (0x00000000fa171f20) thrown at [C:\re\workspace\8-2-build-windows-amd64-cygwin\jdk8u121\8372\hotspot\src\share\vm\prims\jni.cpp, line 709]
Event: 3509.575 Thread 0x00000000577a9000 Exception <a 'sun/nio/fs/WindowsException'> (0x00000000fa1728b0) thrown at [C:\re\workspace\8-2-build-windows-amd64-cygwin\jdk8u121\8372\hotspot\src\share\vm\prims\jni.cpp, line 709]
Event: 3509.575 Thread 0x00000000577a9000 Exception <a 'sun/nio/fs/WindowsException'> (0x00000000fa1744a0) thrown at [C:\re\workspace\8-2-build-windows-amd64-cygwin\jdk8u121\8372\hotspot\src\share\vm\prims\jni.cpp, line 709]
Event: 3509.575 Thread 0x00000000577a9000 Exception <a 'sun/nio/fs/WindowsException'> (0x00000000fa174e40) thrown at [C:\re\workspace\8-2-build-windows-amd64-cygwin\jdk8u121\8372\hotspot\src\share\vm\prims\jni.cpp, line 709]
Event: 3509.577 Thread 0x00000000577a9000 Exception <a 'sun/nio/fs/WindowsException'> (0x00000000fa179968) thrown at [C:\re\workspace\8-2-build-windows-amd64-cygwin\jdk8u121\8372\hotspot\src\share\vm\prims\jni.cpp, line 709]
Event: 3509.577 Thread 0x00000000577a9000 Exception <a 'sun/nio/fs/WindowsException'> (0x00000000fa17a2f8) thrown at [C:\re\workspace\8-2-build-windows-amd64-cygwin\jdk8u121\8372\hotspot\src\share\vm\prims\jni.cpp, line 709]

Events (10 events):
Event: 3509.382 Thread 0x000000005512c000 flushing nmethod 0x0000000003c5f410
Event: 3509.398 Thread 0x000000005512d000 flushing nmethod 0x0000000003f24d10
Event: 3509.405 Thread 0x000000005512d000 flushing nmethod 0x00000000040e4190
Event: 3509.406 Thread 0x000000005512d000 flushing nmethod 0x000000000411bf90
Event: 3509.406 Thread 0x000000005512d000 flushing nmethod 0x0000000004167cd0
Event: 3509.413 Thread 0x000000005512d000 flushing nmethod 0x000000000442ead0
Event: 3509.413 Thread 0x000000005512d000 flushing nmethod 0x000000000444d810
Event: 3509.432 Thread 0x000000005512d000 flushing nmethod 0x0000000004c59e10
Event: 3509.432 Thread 0x000000005512d000 flushing nmethod 0x0000000004c90b50
Event: 3509.432 Thread 0x000000005512d000 flushing nmethod 0x0000000004c97090


Dynamic libraries:
0x000000013f1f0000 - 0x000000013f227000 	C:\Program Files\Java\jdk1.8.0_121\bin\java.exe
0x00000000779a0000 - 0x0000000077b49000 	C:\Windows\SYSTEM32\ntdll.dll
0x0000000077780000 - 0x000000007789f000 	C:\Windows\system32\kernel32.dll
0x000007fefda40000 - 0x000007fefdaab000 	C:\Windows\system32\KERNELBASE.dll
0x000007fefe860000 - 0x000007fefe93b000 	C:\Windows\system32\ADVAPI32.dll
0x000007fefdcc0000 - 0x000007fefdd5f000 	C:\Windows\system32\msvcrt.dll
0x000007feff9e0000 - 0x000007feff9ff000 	C:\Windows\SYSTEM32\sechost.dll
0x000007feffb50000 - 0x000007feffc7d000 	C:\Windows\system32\RPCRT4.dll
0x00000000778a0000 - 0x000000007799a000 	C:\Windows\system32\USER32.dll
0x000007fefe7f0000 - 0x000007fefe857000 	C:\Windows\system32\GDI32.dll
0x000007fefe490000 - 0x000007fefe49e000 	C:\Windows\system32\LPK.dll
0x000007feffa20000 - 0x000007feffae9000 	C:\Windows\system32\USP10.dll
0x000007fefbfa0000 - 0x000007fefc194000 	C:\Windows\WinSxS\amd64_microsoft.windows.common-controls_6595b64144ccf1df_6.0.7601.17514_none_fa396087175ac9ac\COMCTL32.dll
0x000007fefe9c0000 - 0x000007fefea31000 	C:\Windows\system32\SHLWAPI.dll
0x000007feffc80000 - 0x000007feffcae000 	C:\Windows\system32\IMM32.DLL
0x000007fefe110000 - 0x000007fefe219000 	C:\Windows\system32\MSCTF.dll
0x000000006ea90000 - 0x000000006eb62000 	C:\Program Files\Java\jdk1.8.0_121\jre\bin\msvcr100.dll
0x000000006da30000 - 0x000000006e2cb000 	C:\Program Files\Java\jdk1.8.0_121\jre\bin\server\jvm.dll
0x000007fefb450000 - 0x000007fefb459000 	C:\Windows\system32\WSOCK32.dll
0x000007fefe7a0000 - 0x000007fefe7ed000 	C:\Windows\system32\WS2_32.dll
0x000007fefe220000 - 0x000007fefe228000 	C:\Windows\system32\NSI.dll
0x000007fefac30000 - 0x000007fefac6b000 	C:\Windows\system32\WINMM.dll
0x000007fefca40000 - 0x000007fefca4c000 	C:\Windows\system32\VERSION.dll
0x0000000077b60000 - 0x0000000077b67000 	C:\Windows\system32\PSAPI.DLL
0x0000000072ae0000 - 0x0000000072aef000 	C:\Program Files\Java\jdk1.8.0_121\jre\bin\verify.dll
0x0000000072ab0000 - 0x0000000072ad9000 	C:\Program Files\Java\jdk1.8.0_121\jre\bin\java.dll
0x0000000072a90000 - 0x0000000072aa6000 	C:\Program Files\Java\jdk1.8.0_121\jre\bin\zip.dll
0x000007fefec50000 - 0x000007feff9d8000 	C:\Windows\system32\SHELL32.dll
0x000007fefea40000 - 0x000007fefec43000 	C:\Windows\system32\ole32.dll
0x000007fefd8f0000 - 0x000007fefd8ff000 	C:\Windows\system32\profapi.dll
0x0000000072a70000 - 0x0000000072a8a000 	C:\Program Files\Java\jdk1.8.0_121\jre\bin\net.dll
0x000007fefd160000 - 0x000007fefd1b5000 	C:\Windows\system32\mswsock.dll
0x000007fefd150000 - 0x000007fefd157000 	C:\Windows\System32\wship6.dll
0x0000000072a50000 - 0x0000000072a61000 	C:\Program Files\Java\jdk1.8.0_121\jre\bin\nio.dll
0x000007feec830000 - 0x000007feec84e000 	C:\Users\namrata.s\.gradle\native\25\windows-amd64\native-platform.dll
0x0000000072a00000 - 0x0000000072a0d000 	C:\Program Files\Java\jdk1.8.0_121\jre\bin\management.dll
0x000007fefd1c0000 - 0x000007fefd1d7000 	C:\Windows\system32\CRYPTSP.dll
0x000007fefcec0000 - 0x000007fefcf07000 	C:\Windows\system32\rsaenh.dll
0x000007fefcc30000 - 0x000007fefcc4e000 	C:\Windows\system32\USERENV.dll
0x000007fefd820000 - 0x000007fefd82f000 	C:\Windows\system32\CRYPTBASE.dll
0x000007fefbf00000 - 0x000007fefbf27000 	C:\Windows\system32\IPHLPAPI.DLL
0x000007fefbef0000 - 0x000007fefbefb000 	C:\Windows\system32\WINNSI.DLL
0x000007fefbd00000 - 0x000007fefbd18000 	C:\Windows\system32\dhcpcsvc.DLL
0x000007fefbce0000 - 0x000007fefbcf1000 	C:\Windows\system32\dhcpcsvc6.DLL
0x0000000072970000 - 0x0000000072994000 	C:\Program Files\Java\jdk1.8.0_121\jre\bin\sunec.dll
0x000007fefcb10000 - 0x000007fefcb17000 	C:\Windows\System32\wshtcpip.dll
0x000007fefcfe0000 - 0x000007fefd03b000 	C:\Windows\system32\DNSAPI.dll
0x000007fef9510000 - 0x000007fef9518000 	C:\Windows\system32\rasadhlp.dll
0x000007fefbda0000 - 0x000007fefbdf3000 	C:\Windows\System32\fwpuclnt.dll
0x0000000072960000 - 0x000000007296b000 	C:\Program Files\Java\jdk1.8.0_121\jre\bin\sunmscapi.dll
0x000007fefdb50000 - 0x000007fefdcb7000 	C:\Windows\system32\CRYPT32.dll
0x000007fefd990000 - 0x000007fefd99f000 	C:\Windows\system32\MSASN1.dll
0x000007fefd7c0000 - 0x000007fefd817000 	C:\Windows\system32\apphelp.dll

VM Arguments:
jvm_args: -XX:+HeapDumpOnOutOfMemoryError -Xmx1024m -Dfile.encoding=windows-1252 -Duser.country=US -Duser.language=en -Duser.variant 
java_command: org.gradle.launcher.daemon.bootstrap.GradleDaemon 4.1
java_class_path (initial): C:\Users\namrata.s\.gradle\wrapper\dists\gradle-4.1-all\bzyivzo6n839fup2jbap0tjew\gradle-4.1\lib\gradle-launcher-4.1.jar
Launcher Type: SUN_STANDARD

Environment Variables:
PATH=C:\Users\namrata.s\AppData\Roaming\npm;C:\Program Files\Git\cmd;C:\Program Files\Git\mingw64\bin;C:\Program Files\Git\usr\bin:C:\Windows\system32;C:\Users\namrata.s\AppData\Roaming\npm
USERNAME=namrata.s
OS=Windows_NT
PROCESSOR_IDENTIFIER=Intel64 Family 6 Model 37 Stepping 5, GenuineIntel



---------------  S Y S T E M  ---------------

OS: Windows 7 , 64 bit Build 7601 (6.1.7601.17514)

CPU:total 4 (2 cores per cpu, 2 threads per core) family 6 model 37 stepping 5, cmov, cx8, fxsr, mmx, sse, sse2, sse3, ssse3, sse4.1, sse4.2, popcnt, aes, clmul, ht, tsc, tscinvbit

Memory: 4k page, physical 4052840k(636188k free), swap 8044944k(5124k free)

vm_info: Java HotSpot(TM) 64-Bit Server VM (25.121-b13) for windows-amd64 JRE (1.8.0_121-b13), built on Dec 12 2016 18:21:36 by "java_re" with MS VC++ 10.0 (VS2010)

time: Mon Nov 06 10:55:02 2017
elapsed time: 3509 seconds (0d 0h 58m 29s)

