#
# There is insufficient memory for the Java Runtime Environment to continue.
# Native memory allocation (malloc) failed to allocate 262160 bytes for Chunk::new
# Possible reasons:
#   The system is out of physical RAM or swap space
#   In 32 bit mode, the process size limit was hit
# Possible solutions:
#   Reduce memory load on the system
#   Increase physical memory or swap space
#   Check if swap backing store is full
#   Use 64 bit Java on a 64 bit OS
#   Decrease Java heap size (-Xmx/-Xms)
#   Decrease number of Java threads
#   Decrease Java thread stack sizes (-Xss)
#   Set larger code cache with -XX:ReservedCodeCacheSize=
# This output file may be truncated or incomplete.
#
#  Out of Memory Error (allocation.cpp:390), pid=5996, tid=0x00000000000017d0
#
# JRE version: Java(TM) SE Runtime Environment (8.0_121-b13) (build 1.8.0_121-b13)
# Java VM: Java HotSpot(TM) 64-Bit Server VM (25.121-b13 mixed mode windows-amd64 compressed oops)
# Failed to write core dump. Minidumps are not enabled by default on client versions of Windows
#

---------------  T H R E A D  ---------------

Current thread (0x000000005510e000):  JavaThread "C2 CompilerThread1" daemon [_thread_in_native, id=6096, stack(0x0000000056a30000,0x0000000056b30000)]

Stack: [0x0000000056a30000,0x0000000056b30000]
[error occurred during error reporting (printing stack bounds), id 0xc0000005]

Native frames: (J=compiled Java code, j=interpreted, Vv=VM code, C=native code)


Current CompileTask:
C2: 232594 10078   !   4       java.nio.file.FileTreeWalker::next (144 bytes)


---------------  P R O C E S S  ---------------

Java Threads: ( => current thread )
  0x00000000583ae800 JavaThread "Cache worker for task history cache (C:\Users\namrata.s\Downloads\Faast_New\.gradle\3.5\taskHistory)" [_thread_blocked, id=3224, stack(0x000000005d930000,0x000000005da30000)]
  0x00000000583aa000 JavaThread "Stdin handler" [_thread_blocked, id=2424, stack(0x000000005ad80000,0x000000005ae80000)]
  0x00000000583ac800 JavaThread "Asynchronous log dispatcher for DefaultDaemonConnection: socket connection from /127.0.0.1:61232 to /127.0.0.1:65438" [_thread_blocked, id=7136, stack(0x0000000056930000,0x0000000056a30000)]
  0x00000000583af800 JavaThread "Cancel handler" [_thread_blocked, id=1468, stack(0x000000005ab90000,0x000000005ac90000)]
  0x00000000583a8800 JavaThread "Handler for socket connection from /127.0.0.1:61232 to /127.0.0.1:65438" [_thread_in_native, id=7120, stack(0x000000005a990000,0x000000005aa90000)]
  0x00000000583a9800 JavaThread "Daemon worker Thread 2" [_thread_in_vm, id=6524, stack(0x000000005a400000,0x000000005a500000)]
  0x00000000583a4000 JavaThread "Daemon Thread 2" [_thread_blocked, id=6512, stack(0x000000005a810000,0x000000005a910000)]
  0x00000000583a3800 JavaThread "Memory manager" [_thread_blocked, id=5700, stack(0x000000005d5b0000,0x000000005d6b0000)]
  0x00000000583a2800 JavaThread "Cache worker for Artifact transforms cache (C:\Users\namrata.s\.gradle\caches\transforms-1)" [_thread_blocked, id=5460, stack(0x000000005c440000,0x000000005c540000)]
  0x00000000583a2000 JavaThread "File lock request listener" [_thread_in_native, id=5328, stack(0x000000005aee0000,0x000000005afe0000)]
  0x00000000583a1000 JavaThread "Cache worker for file hash cache (C:\Users\namrata.s\.gradle\caches\3.5\fileHashes)" [_thread_blocked, id=5324, stack(0x000000005a300000,0x000000005a400000)]
  0x0000000058140800 JavaThread "Daemon periodic checks" [_thread_blocked, id=5192, stack(0x000000005a200000,0x000000005a300000)]
  0x0000000057fd0800 JavaThread "Incoming local TCP Connector on port 61232" [_thread_in_native, id=4284, stack(0x000000005a0e0000,0x000000005a1e0000)]
  0x00000000580a7000 JavaThread "Daemon health stats" [_thread_blocked, id=4304, stack(0x0000000059d80000,0x0000000059e80000)]
  0x0000000056b3a000 JavaThread "Service Thread" daemon [_thread_blocked, id=6088, stack(0x00000000570d0000,0x00000000571d0000)]
  0x0000000056b30800 JavaThread "C1 CompilerThread2" daemon [_thread_blocked, id=6100, stack(0x0000000056fb0000,0x00000000570b0000)]
=>0x000000005510e000 JavaThread "C2 CompilerThread1" daemon [_thread_in_native, id=6096, stack(0x0000000056a30000,0x0000000056b30000)]
  0x0000000055106000 JavaThread "C2 CompilerThread0" daemon [_thread_blocked, id=6092, stack(0x0000000056800000,0x0000000056900000)]
  0x0000000055103000 JavaThread "Attach Listener" daemon [_thread_blocked, id=1816, stack(0x00000000563a0000,0x00000000564a0000)]
  0x0000000055101800 JavaThread "Signal Dispatcher" daemon [_thread_blocked, id=6076, stack(0x00000000566f0000,0x00000000567f0000)]
  0x00000000550e4800 JavaThread "Finalizer" daemon [_thread_blocked, id=1084, stack(0x0000000056530000,0x0000000056630000)]
  0x00000000550a3000 JavaThread "Reference Handler" daemon [_thread_blocked, id=5108, stack(0x0000000056280000,0x0000000056380000)]
  0x000000000215f000 JavaThread "main" [_thread_blocked, id=6060, stack(0x0000000002490000,0x0000000002590000)]

Other Threads:
  0x000000005509b800 VMThread [stack: 0x00000000560e0000,0x00000000561e0000] [id=2404]
  0x0000000056bad000 WatcherThread [stack: 0x00000000571e0000,0x00000000572e0000] [id=6084]

VM state:not at safepoint (normal execution)

VM Mutex/Monitor currently owned by a thread: None

Heap:
 PSYoungGen      total 321024K, used 27208K [0x00000000eab00000, 0x00000000ffd80000, 0x0000000100000000)
  eden space 298496K, 6% used [0x00000000eab00000,0x00000000ebc88e60,0x00000000fce80000)
  from space 22528K, 41% used [0x00000000fe780000,0x00000000ff089530,0x00000000ffd80000)
  to   space 24064K, 0% used [0x00000000fce80000,0x00000000fce80000,0x00000000fe600000)
 ParOldGen       total 100352K, used 51604K [0x00000000c0000000, 0x00000000c6200000, 0x00000000eab00000)
  object space 100352K, 51% used [0x00000000c0000000,0x00000000c3265338,0x00000000c6200000)
 Metaspace       used 58884K, capacity 61868K, committed 62168K, reserved 1101824K
  class space    used 8181K, capacity 8851K, committed 8960K, reserved 1048576K

Card table byte_map: [0x0000000011c20000,0x0000000011e30000] byte_map_base: 0x0000000011620000

Marking Bits: (ParMarkBitMap*) 0x000000006c73b6d0
 Begin Bits: [0x0000000012510000, 0x0000000013510000)
 End Bits:   [0x0000000013510000, 0x0000000014510000)

Polling page: 0x0000000000330000

CodeCache: size=245760Kb used=29402Kb max_used=29498Kb free=216357Kb
 bounds [0x0000000002860000, 0x0000000004560000, 0x0000000011860000]
 total_blobs=9290 nmethods=8549 adapters=652
 compilation: enabled

Compilation events (10 events):
Event: 232.434 Thread 0x0000000056b30800 nmethod 10086 0x0000000002d18910 code [0x0000000002d18aa0, 0x0000000002d18f08]
Event: 232.435 Thread 0x0000000056b30800 10087       3       com.google.common.collect.Iterators$5::<init> (17 bytes)
Event: 232.436 Thread 0x0000000056b30800 nmethod 10087 0x0000000003b7e450 code [0x0000000003b7e5c0, 0x0000000003b7e850]
Event: 232.438 Thread 0x0000000056b30800 10088       1       com.google.common.collect.RegularImmutableSortedMap$EntrySet$1::delegateCollection (5 bytes)
Event: 232.438 Thread 0x0000000056b30800 nmethod 10088 0x0000000003991d10 code [0x0000000003991e60, 0x0000000003991f70]
Event: 232.439 Thread 0x0000000056b30800 10089       1       com.google.common.collect.RegularImmutableSortedMap$EntrySet::map (5 bytes)
Event: 232.440 Thread 0x0000000056b30800 nmethod 10089 0x0000000003b85f90 code [0x0000000003b860e0, 0x0000000003b861f0]
Event: 232.442 Thread 0x0000000055106000 nmethod 10084 0x0000000002ffbd10 code [0x0000000002ffbe80, 0x0000000002ffc0b8]
Event: 232.443 Thread 0x0000000055106000 10085       4       org.gradle.api.internal.changedetection.state.TaskFilePropertySnapshotNormalizationStrategy$1::getNormalizedSnapshot (20 bytes)
Event: 232.445 Thread 0x0000000055106000 nmethod 10085 0x00000000033bc950 code [0x00000000033bcaa0, 0x00000000033bcbb8]

GC Heap History (10 events):
Event: 28.904 GC heap before
{Heap before GC invocations=11 (full 2):
 PSYoungGen      total 211456K, used 210994K [0x00000000eab00000, 0x00000000f8f80000, 0x0000000100000000)
  eden space 198656K, 100% used [0x00000000eab00000,0x00000000f6d00000,0x00000000f6d00000)
  from space 12800K, 96% used [0x00000000f8300000,0x00000000f8f0cad8,0x00000000f8f80000)
  to   space 15360K, 0% used [0x00000000f7180000,0x00000000f7180000,0x00000000f8080000)
 ParOldGen       total 51712K, used 18346K [0x00000000c0000000, 0x00000000c3280000, 0x00000000eab00000)
  object space 51712K, 35% used [0x00000000c0000000,0x00000000c11eaa68,0x00000000c3280000)
 Metaspace       used 43773K, capacity 44778K, committed 44888K, reserved 1087488K
  class space    used 6005K, capacity 6238K, committed 6272K, reserved 1048576K
Event: 28.928 GC heap after
Heap after GC invocations=11 (full 2):
 PSYoungGen      total 218624K, used 15352K [0x00000000eab00000, 0x00000000fd200000, 0x0000000100000000)
  eden space 203264K, 0% used [0x00000000eab00000,0x00000000eab00000,0x00000000f7180000)
  from space 15360K, 99% used [0x00000000f7180000,0x00000000f807e290,0x00000000f8080000)
  to   space 18432K, 0% used [0x00000000fc000000,0x00000000fc000000,0x00000000fd200000)
 ParOldGen       total 51712K, used 19803K [0x00000000c0000000, 0x00000000c3280000, 0x00000000eab00000)
  object space 51712K, 38% used [0x00000000c0000000,0x00000000c1356df8,0x00000000c3280000)
 Metaspace       used 43773K, capacity 44778K, committed 44888K, reserved 1087488K
  class space    used 6005K, capacity 6238K, committed 6272K, reserved 1048576K
}
Event: 32.741 GC heap before
{Heap before GC invocations=12 (full 2):
 PSYoungGen      total 218624K, used 218616K [0x00000000eab00000, 0x00000000fd200000, 0x0000000100000000)
  eden space 203264K, 100% used [0x00000000eab00000,0x00000000f7180000,0x00000000f7180000)
  from space 15360K, 99% used [0x00000000f7180000,0x00000000f807e290,0x00000000f8080000)
  to   space 18432K, 0% used [0x00000000fc000000,0x00000000fc000000,0x00000000fd200000)
 ParOldGen       total 51712K, used 19803K [0x00000000c0000000, 0x00000000c3280000, 0x00000000eab00000)
  object space 51712K, 38% used [0x00000000c0000000,0x00000000c1356df8,0x00000000c3280000)
 Metaspace       used 50446K, capacity 52062K, committed 52312K, reserved 1093632K
  class space    used 7065K, capacity 7476K, committed 7552K, reserved 1048576K
Event: 32.846 GC heap after
Heap after GC invocations=12 (full 2):
 PSYoungGen      total 276480K, used 18423K [0x00000000eab00000, 0x00000000fe500000, 0x0000000100000000)
  eden space 258048K, 0% used [0x00000000eab00000,0x00000000eab00000,0x00000000fa700000)
  from space 18432K, 99% used [0x00000000fc000000,0x00000000fd1fde90,0x00000000fd200000)
  to   space 25600K, 0% used [0x00000000fa700000,0x00000000fa700000,0x00000000fc000000)
 ParOldGen       total 51712K, used 32217K [0x00000000c0000000, 0x00000000c3280000, 0x00000000eab00000)
  object space 51712K, 62% used [0x00000000c0000000,0x00000000c1f76600,0x00000000c3280000)
 Metaspace       used 50446K, capacity 52062K, committed 52312K, reserved 1093632K
  class space    used 7065K, capacity 7476K, committed 7552K, reserved 1048576K
}
Event: 49.216 GC heap before
{Heap before GC invocations=13 (full 2):
 PSYoungGen      total 276480K, used 232533K [0x00000000eab00000, 0x00000000fe500000, 0x0000000100000000)
  eden space 258048K, 82% used [0x00000000eab00000,0x00000000f7c175e8,0x00000000fa700000)
  from space 18432K, 99% used [0x00000000fc000000,0x00000000fd1fde90,0x00000000fd200000)
  to   space 25600K, 0% used [0x00000000fa700000,0x00000000fa700000,0x00000000fc000000)
 ParOldGen       total 51712K, used 32217K [0x00000000c0000000, 0x00000000c3280000, 0x00000000eab00000)
  object space 51712K, 62% used [0x00000000c0000000,0x00000000c1f76600,0x00000000c3280000)
 Metaspace       used 56510K, capacity 58850K, committed 59028K, reserved 1099776K
  class space    used 7867K, capacity 8422K, committed 8448K, reserved 1048576K
Event: 49.271 GC heap after
Heap after GC invocations=13 (full 2):
 PSYoungGen      total 283648K, used 13178K [0x00000000eab00000, 0x0000000100000000, 0x0000000100000000)
  eden space 258048K, 0% used [0x00000000eab00000,0x00000000eab00000,0x00000000fa700000)
  from space 25600K, 51% used [0x00000000fa700000,0x00000000fb3dea98,0x00000000fc000000)
  to   space 25088K, 0% used [0x00000000fe780000,0x00000000fe780000,0x0000000100000000)
 ParOldGen       total 51712K, used 49969K [0x00000000c0000000, 0x00000000c3280000, 0x00000000eab00000)
  object space 51712K, 96% used [0x00000000c0000000,0x00000000c30cc6b0,0x00000000c3280000)
 Metaspace       used 56510K, capacity 58850K, committed 59028K, reserved 1099776K
  class space    used 7867K, capacity 8422K, committed 8448K, reserved 1048576K
}
Event: 49.271 GC heap before
{Heap before GC invocations=14 (full 3):
 PSYoungGen      total 283648K, used 13178K [0x00000000eab00000, 0x0000000100000000, 0x0000000100000000)
  eden space 258048K, 0% used [0x00000000eab00000,0x00000000eab00000,0x00000000fa700000)
  from space 25600K, 51% used [0x00000000fa700000,0x00000000fb3dea98,0x00000000fc000000)
  to   space 25088K, 0% used [0x00000000fe780000,0x00000000fe780000,0x0000000100000000)
 ParOldGen       total 51712K, used 49969K [0x00000000c0000000, 0x00000000c3280000, 0x00000000eab00000)
  object space 51712K, 96% used [0x00000000c0000000,0x00000000c30cc6b0,0x00000000c3280000)
 Metaspace       used 56510K, capacity 58850K, committed 59028K, reserved 1099776K
  class space    used 7867K, capacity 8422K, committed 8448K, reserved 1048576K
Event: 49.657 GC heap after
Heap after GC invocations=14 (full 3):
 PSYoungGen      total 283648K, used 0K [0x00000000eab00000, 0x0000000100000000, 0x0000000100000000)
  eden space 258048K, 0% used [0x00000000eab00000,0x00000000eab00000,0x00000000fa700000)
  from space 25600K, 0% used [0x00000000fa700000,0x00000000fa700000,0x00000000fc000000)
  to   space 25088K, 0% used [0x00000000fe780000,0x00000000fe780000,0x0000000100000000)
 ParOldGen       total 100352K, used 51596K [0x00000000c0000000, 0x00000000c6200000, 0x00000000eab00000)
  object space 100352K, 51% used [0x00000000c0000000,0x00000000c3263338,0x00000000c6200000)
 Metaspace       used 56510K, capacity 58850K, committed 59028K, reserved 1099776K
  class space    used 7867K, capacity 8422K, committed 8448K, reserved 1048576K
}
Event: 230.971 GC heap before
{Heap before GC invocations=15 (full 3):
 PSYoungGen      total 283648K, used 258048K [0x00000000eab00000, 0x0000000100000000, 0x0000000100000000)
  eden space 258048K, 100% used [0x00000000eab00000,0x00000000fa700000,0x00000000fa700000)
  from space 25600K, 0% used [0x00000000fa700000,0x00000000fa700000,0x00000000fc000000)
  to   space 25088K, 0% used [0x00000000fe780000,0x00000000fe780000,0x0000000100000000)
 ParOldGen       total 100352K, used 51596K [0x00000000c0000000, 0x00000000c6200000, 0x00000000eab00000)
  object space 100352K, 51% used [0x00000000c0000000,0x00000000c3263338,0x00000000c6200000)
 Metaspace       used 58811K, capacity 61712K, committed 61912K, reserved 1101824K
  class space    used 8179K, capacity 8847K, committed 8960K, reserved 1048576K
Event: 231.023 GC heap after
Heap after GC invocations=15 (full 3):
 PSYoungGen      total 321024K, used 9253K [0x00000000eab00000, 0x00000000ffd80000, 0x0000000100000000)
  eden space 298496K, 0% used [0x00000000eab00000,0x00000000eab00000,0x00000000fce80000)
  from space 22528K, 41% used [0x00000000fe780000,0x00000000ff089530,0x00000000ffd80000)
  to   space 24064K, 0% used [0x00000000fce80000,0x00000000fce80000,0x00000000fe600000)
 ParOldGen       total 100352K, used 51604K [0x00000000c0000000, 0x00000000c6200000, 0x00000000eab00000)
  object space 100352K, 51% used [0x00000000c0000000,0x00000000c3265338,0x00000000c6200000)
 Metaspace       used 58811K, capacity 61712K, committed 61912K, reserved 1101824K
  class space    used 8179K, capacity 8847K, committed 8960K, reserved 1048576K
}

Deoptimization events (10 events):
Event: 217.558 Thread 0x00000000583a9800 Uncommon trap: reason=class_check action=maybe_recompile pc=0x0000000002f34610 method=java.util.HashMap.removeNode(ILjava/lang/Object;Ljava/lang/Object;ZZ)Ljava/util/HashMap$Node; @ 143
Event: 231.036 Thread 0x00000000583a9800 Uncommon trap: reason=array_check action=maybe_recompile pc=0x00000000044fcf5c method=java.util.AbstractCollection.toArray([Ljava/lang/Object;)[Ljava/lang/Object; @ 119
Event: 231.036 Thread 0x00000000583a9800 Uncommon trap: reason=array_check action=maybe_recompile pc=0x00000000044fcf5c method=java.util.AbstractCollection.toArray([Ljava/lang/Object;)[Ljava/lang/Object; @ 119
Event: 231.036 Thread 0x00000000583a9800 Uncommon trap: reason=array_check action=maybe_recompile pc=0x00000000044fcf5c method=java.util.AbstractCollection.toArray([Ljava/lang/Object;)[Ljava/lang/Object; @ 119
Event: 231.036 Thread 0x00000000583a9800 Uncommon trap: reason=array_check action=maybe_recompile pc=0x00000000044fcf5c method=java.util.AbstractCollection.toArray([Ljava/lang/Object;)[Ljava/lang/Object; @ 119
Event: 231.294 Thread 0x00000000583a9800 Uncommon trap: reason=class_check action=maybe_recompile pc=0x0000000003310770 method=org.gradle.api.internal.project.taskfactory.DefaultTaskClassValidatorExtractor$DefaultTaskPropertyActionContext.getAnnotation(Ljava/lang/Class;)Ljava/lang/annotation/Ann
Event: 231.296 Thread 0x00000000583a9800 Uncommon trap: reason=class_check action=maybe_recompile pc=0x0000000003310770 method=org.gradle.api.internal.project.taskfactory.DefaultTaskClassValidatorExtractor$DefaultTaskPropertyActionContext.getAnnotation(Ljava/lang/Class;)Ljava/lang/annotation/Ann
Event: 231.296 Thread 0x00000000583a9800 Uncommon trap: reason=class_check action=maybe_recompile pc=0x0000000003310770 method=org.gradle.api.internal.project.taskfactory.DefaultTaskClassValidatorExtractor$DefaultTaskPropertyActionContext.getAnnotation(Ljava/lang/Class;)Ljava/lang/annotation/Ann
Event: 231.296 Thread 0x00000000583a9800 Uncommon trap: reason=class_check action=maybe_recompile pc=0x0000000003310770 method=org.gradle.api.internal.project.taskfactory.DefaultTaskClassValidatorExtractor$DefaultTaskPropertyActionContext.getAnnotation(Ljava/lang/Class;)Ljava/lang/annotation/Ann
Event: 231.813 Thread 0x00000000583a9800 Uncommon trap: reason=class_check action=maybe_recompile pc=0x0000000002fafec8 method=java.util.concurrent.ConcurrentHashMap.putVal(Ljava/lang/Object;Ljava/lang/Object;Z)Ljava/lang/Object; @ 192

Internal exceptions (10 events):
Event: 229.561 Thread 0x00000000583a9800 Exception <a 'sun/nio/fs/WindowsException'> (0x00000000f887e5a0) thrown at [C:\re\workspace\8-2-build-windows-amd64-cygwin\jdk8u121\8372\hotspot\src\share\vm\prims\jni.cpp, line 709]
Event: 229.561 Thread 0x00000000583a9800 Exception <a 'sun/nio/fs/WindowsException'> (0x00000000f887f2d8) thrown at [C:\re\workspace\8-2-build-windows-amd64-cygwin\jdk8u121\8372\hotspot\src\share\vm\prims\jni.cpp, line 709]
Event: 229.561 Thread 0x00000000583a9800 Exception <a 'sun/nio/fs/WindowsException'> (0x00000000f8882238) thrown at [C:\re\workspace\8-2-build-windows-amd64-cygwin\jdk8u121\8372\hotspot\src\share\vm\prims\jni.cpp, line 709]
Event: 229.562 Thread 0x00000000583a9800 Exception <a 'sun/nio/fs/WindowsException'> (0x00000000f8882f60) thrown at [C:\re\workspace\8-2-build-windows-amd64-cygwin\jdk8u121\8372\hotspot\src\share\vm\prims\jni.cpp, line 709]
Event: 229.562 Thread 0x00000000583a9800 Exception <a 'sun/nio/fs/WindowsException'> (0x00000000f8884cb8) thrown at [C:\re\workspace\8-2-build-windows-amd64-cygwin\jdk8u121\8372\hotspot\src\share\vm\prims\jni.cpp, line 709]
Event: 229.562 Thread 0x00000000583a9800 Exception <a 'sun/nio/fs/WindowsException'> (0x00000000f8885a20) thrown at [C:\re\workspace\8-2-build-windows-amd64-cygwin\jdk8u121\8372\hotspot\src\share\vm\prims\jni.cpp, line 709]
Event: 229.572 Thread 0x00000000583a9800 Exception <a 'sun/nio/fs/WindowsException'> (0x00000000f8888a30) thrown at [C:\re\workspace\8-2-build-windows-amd64-cygwin\jdk8u121\8372\hotspot\src\share\vm\prims\jni.cpp, line 709]
Event: 229.572 Thread 0x00000000583a9800 Exception <a 'sun/nio/fs/WindowsException'> (0x00000000f8889780) thrown at [C:\re\workspace\8-2-build-windows-amd64-cygwin\jdk8u121\8372\hotspot\src\share\vm\prims\jni.cpp, line 709]
Event: 229.572 Thread 0x00000000583a9800 Exception <a 'sun/nio/fs/WindowsException'> (0x00000000f888b500) thrown at [C:\re\workspace\8-2-build-windows-amd64-cygwin\jdk8u121\8372\hotspot\src\share\vm\prims\jni.cpp, line 709]
Event: 229.573 Thread 0x00000000583a9800 Exception <a 'sun/nio/fs/WindowsException'> (0x00000000f888c290) thrown at [C:\re\workspace\8-2-build-windows-amd64-cygwin\jdk8u121\8372\hotspot\src\share\vm\prims\jni.cpp, line 709]

Events (10 events):
Event: 232.354 Thread 0x0000000056b30800 flushing nmethod 0x000000000377e810
Event: 232.354 Thread 0x0000000056b30800 flushing nmethod 0x0000000003789810
Event: 232.356 Thread 0x0000000056b30800 flushing nmethod 0x0000000003956f50
Event: 232.356 Thread 0x0000000056b30800 flushing nmethod 0x0000000003991d10
Event: 232.434 Thread 0x0000000056b30800 flushing nmethod 0x0000000003a8c010
Event: 232.435 Thread 0x0000000056b30800 flushing nmethod 0x0000000003aba5d0
Event: 232.435 Thread 0x0000000056b30800 flushing nmethod 0x0000000003b7e450
Event: 232.435 Thread 0x0000000056b30800 flushing nmethod 0x0000000003b85f90
Event: 232.436 Thread 0x0000000056b30800 flushing nmethod 0x0000000003bf2250
Event: 232.437 Thread 0x0000000056b30800 flushing nmethod 0x0000000003cfdcd0


Dynamic libraries:
0x000000013f6f0000 - 0x000000013f727000 	C:\Program Files\Android\Android Studio\jdk1.8.0_121\bin\java.exe
0x0000000076f60000 - 0x0000000077109000 	C:\Windows\SYSTEM32\ntdll.dll
0x0000000076e40000 - 0x0000000076f5f000 	C:\Windows\system32\kernel32.dll
0x000007fefd170000 - 0x000007fefd1db000 	C:\Windows\system32\KERNELBASE.dll
0x000007fefe030000 - 0x000007fefe10b000 	C:\Windows\system32\ADVAPI32.dll
0x000007fefd510000 - 0x000007fefd5af000 	C:\Windows\system32\msvcrt.dll
0x000007fefd5d0000 - 0x000007fefd5ef000 	C:\Windows\SYSTEM32\sechost.dll
0x000007fefdc30000 - 0x000007fefdd5d000 	C:\Windows\system32\RPCRT4.dll
0x0000000076d40000 - 0x0000000076e3a000 	C:\Windows\system32\USER32.dll
0x000007fefd4a0000 - 0x000007fefd507000 	C:\Windows\system32\GDI32.dll
0x000007fefd5f0000 - 0x000007fefd5fe000 	C:\Windows\system32\LPK.dll
0x000007fefd650000 - 0x000007fefd719000 	C:\Windows\system32\USP10.dll
0x000007fefb5d0000 - 0x000007fefb7c4000 	C:\Windows\WinSxS\amd64_microsoft.windows.common-controls_6595b64144ccf1df_6.0.7601.17514_none_fa396087175ac9ac\COMCTL32.dll
0x000007fefdd90000 - 0x000007fefde01000 	C:\Windows\system32\SHLWAPI.dll
0x000007fefdd60000 - 0x000007fefdd8e000 	C:\Windows\system32\IMM32.DLL
0x000007fefe3d0000 - 0x000007fefe4d9000 	C:\Windows\system32\MSCTF.dll
0x000000006ea60000 - 0x000000006eb32000 	C:\Program Files\Android\Android Studio\jdk1.8.0_121\jre\bin\msvcr100.dll
0x000000006bf20000 - 0x000000006c7bb000 	C:\Program Files\Android\Android Studio\jdk1.8.0_121\jre\bin\server\jvm.dll
0x000007fefa830000 - 0x000007fefa839000 	C:\Windows\system32\WSOCK32.dll
0x000007fefd600000 - 0x000007fefd64d000 	C:\Windows\system32\WS2_32.dll
0x000007fefde10000 - 0x000007fefde18000 	C:\Windows\system32\NSI.dll
0x000007fefa300000 - 0x000007fefa33b000 	C:\Windows\system32\WINMM.dll
0x000007fefc000000 - 0x000007fefc00c000 	C:\Windows\system32\VERSION.dll
0x0000000077120000 - 0x0000000077127000 	C:\Windows\system32\PSAPI.DLL
0x000000006ea50000 - 0x000000006ea5f000 	C:\Program Files\Android\Android Studio\jdk1.8.0_121\jre\bin\verify.dll
0x000000006ea20000 - 0x000000006ea49000 	C:\Program Files\Android\Android Studio\jdk1.8.0_121\jre\bin\java.dll
0x000000006ea00000 - 0x000000006ea16000 	C:\Program Files\Android\Android Studio\jdk1.8.0_121\jre\bin\zip.dll
0x000007fefe4e0000 - 0x000007feff268000 	C:\Windows\system32\SHELL32.dll
0x000007fefd7c0000 - 0x000007fefd9c3000 	C:\Windows\system32\ole32.dll
0x000007fefceb0000 - 0x000007fefcebf000 	C:\Windows\system32\profapi.dll
0x000000006e9e0000 - 0x000000006e9fa000 	C:\Program Files\Android\Android Studio\jdk1.8.0_121\jre\bin\net.dll
0x000007fefc720000 - 0x000007fefc775000 	C:\Windows\system32\mswsock.dll
0x000007fefc710000 - 0x000007fefc717000 	C:\Windows\System32\wship6.dll
0x000000006e9c0000 - 0x000000006e9d1000 	C:\Program Files\Android\Android Studio\jdk1.8.0_121\jre\bin\nio.dll
0x000007fedf230000 - 0x000007fedf24e000 	C:\Users\namrata.s\.gradle\native\25\windows-amd64\native-platform.dll
0x000007fefc780000 - 0x000007fefc797000 	C:\Windows\system32\CRYPTSP.dll
0x000007fefc480000 - 0x000007fefc4c7000 	C:\Windows\system32\rsaenh.dll
0x000007fefc1f0000 - 0x000007fefc20e000 	C:\Windows\system32\USERENV.dll
0x000007fefcde0000 - 0x000007fefcdef000 	C:\Windows\system32\CRYPTBASE.dll
0x000007fefb4c0000 - 0x000007fefb4e7000 	C:\Windows\system32\IPHLPAPI.DLL
0x000007fefb4b0000 - 0x000007fefb4bb000 	C:\Windows\system32\WINNSI.DLL
0x000007fefb2c0000 - 0x000007fefb2d1000 	C:\Windows\system32\dhcpcsvc6.DLL
0x000007fefb2a0000 - 0x000007fefb2b8000 	C:\Windows\system32\dhcpcsvc.DLL
0x000000006e9b0000 - 0x000000006e9bd000 	C:\Program Files\Android\Android Studio\jdk1.8.0_121\jre\bin\management.dll
0x000007fefcd80000 - 0x000007fefcdd7000 	C:\Windows\system32\apphelp.dll

VM Arguments:
jvm_args: -XX:MaxPermSize=256m -XX:+HeapDumpOnOutOfMemoryError -Xmx1024m -Dfile.encoding=windows-1252 -Duser.country=US -Duser.language=en -Duser.variant 
java_command: org.gradle.launcher.daemon.bootstrap.GradleDaemon 3.5
java_class_path (initial): C:\Users\namrata.s\.gradle\wrapper\dists\gradle-3.5-all\exhrs6ca08n232b14ue48lbye\gradle-3.5\lib\gradle-launcher-3.5.jar
Launcher Type: SUN_STANDARD

Environment Variables:
PATH=C:\ProgramData\Oracle\Java\javapath;C:\Windows\system32;C:\Windows;C:\Windows\System32\Wbem;C:\Windows\System32\WindowsPowerShell\v1.0\;C:\Program Files\Intel\DMIX;C:\Program Files\Intel\WiFi\bin\;C:\Program Files\Common Files\Intel\WirelessCommon\;C:\Program Files\nodejs\;C:\Users\namrata.s\AppData\Roaming\npm
USERNAME=namrata.s
OS=Windows_NT
PROCESSOR_IDENTIFIER=Intel64 Family 6 Model 37 Stepping 5, GenuineIntel



---------------  S Y S T E M  ---------------

OS: Windows 7 , 64 bit Build 7601 (6.1.7601.17514)

CPU:total 4 (2 cores per cpu, 2 threads per core) family 6 model 37 stepping 5, cmov, cx8, fxsr, mmx, sse, sse2, sse3, ssse3, sse4.1, sse4.2, popcnt, aes, clmul, ht, tsc, tscinvbit

Memory: 4k page, physical 4052840k(348816k free), swap 4453740k(5120k free)

vm_info: Java HotSpot(TM) 64-Bit Server VM (25.121-b13) for windows-amd64 JRE (1.8.0_121-b13), built on Dec 12 2016 18:21:36 by "java_re" with MS VC++ 10.0 (VS2010)

time: Thu Jul 13 12:47:27 2017
elapsed time: 232 seconds (0d 0h 3m 52s)

