#
# There is insufficient memory for the Java Runtime Environment to continue.
# Native memory allocation (malloc) failed to allocate 65552 bytes for Chunk::new
# Possible reasons:
#   The system is out of physical RAM or swap space
#   In 32 bit mode, the process size limit was hit
# Possible solutions:
#   Reduce memory load on the system
#   Increase physical memory or swap space
#   Check if swap backing store is full
#   Use 64 bit Java on a 64 bit OS
#   Decrease Java heap size (-Xmx/-Xms)
#   Decrease number of Java threads
#   Decrease Java thread stack sizes (-Xss)
#   Set larger code cache with -XX:ReservedCodeCacheSize=
# This output file may be truncated or incomplete.
#
#  Out of Memory Error (allocation.cpp:390), pid=144512, tid=0x00000000000234c8
#
# JRE version: Java(TM) SE Runtime Environment (8.0_121-b13) (build 1.8.0_121-b13)
# Java VM: Java HotSpot(TM) 64-Bit Server VM (25.121-b13 mixed mode windows-amd64 compressed oops)
# Failed to write core dump. Minidumps are not enabled by default on client versions of Windows
#

---------------  T H R E A D  ---------------

Current thread (0x0000000055137000):  JavaThread "C2 CompilerThread0" daemon [_thread_in_native, id=144584, stack(0x0000000056ac0000,0x0000000056bc0000)]

Stack: [0x0000000056ac0000,0x0000000056bc0000]
[error occurred during error reporting (printing stack bounds), id 0xc0000005]

Native frames: (J=compiled Java code, j=interpreted, Vv=VM code, C=native code)


Current CompileTask:
C2:3044746 18569       4       org.gradle.api.internal.artifacts.repositories.resolver.ExternalResourceResolver::getId (25 bytes)


---------------  P R O C E S S  ---------------

Java Threads: ( => current thread )
  0x0000000056d4a800 JavaThread "Cache worker for task history cache (C:\Users\namrata.s\Downloads\Faast_New\.gradle\3.5\taskHistory)" [_thread_blocked, id=165108, stack(0x0000000061ad0000,0x0000000061bd0000)]
  0x0000000056d51000 JavaThread "Stdin handler" [_thread_blocked, id=165040, stack(0x000000005ad40000,0x000000005ae40000)]
  0x0000000056d50800 JavaThread "Asynchronous log dispatcher for DefaultDaemonConnection: socket connection from /127.0.0.1:54415 to /127.0.0.1:51132" [_thread_blocked, id=165032, stack(0x000000005dae0000,0x000000005dbe0000)]
  0x0000000056d4c000 JavaThread "Daemon worker Thread 5" [_thread_in_Java, id=165028, stack(0x000000005a380000,0x000000005a480000)]
  0x0000000056d4c800 JavaThread "Cancel handler" [_thread_blocked, id=165024, stack(0x000000005a7a0000,0x000000005a8a0000)]
  0x0000000056d49800 JavaThread "Handler for socket connection from /127.0.0.1:54415 to /127.0.0.1:51132" [_thread_in_native, id=165012, stack(0x000000005aa70000,0x000000005ab70000)]
  0x0000000056d4b000 JavaThread "Daemon Thread 5" [_thread_blocked, id=165008, stack(0x000000005a8a0000,0x000000005a9a0000)]
  0x000000005e7d5800 JavaThread "pool-21-thread-2" [_thread_blocked, id=158624, stack(0x0000000063430000,0x0000000063530000)]
  0x0000000056e2d000 JavaThread "pool-21-thread-1" [_thread_blocked, id=159712, stack(0x0000000063230000,0x0000000063330000)]
  0x0000000056d52000 JavaThread "Memory manager" [_thread_blocked, id=145240, stack(0x000000005d550000,0x000000005d650000)]
  0x0000000056d4f800 JavaThread "Cache worker for Artifact transforms cache (C:\Users\namrata.s\.gradle\caches\transforms-1)" [_thread_blocked, id=144972, stack(0x000000005c390000,0x000000005c490000)]
  0x0000000056d4e000 JavaThread "File lock request listener" [_thread_in_native, id=144856, stack(0x000000005aea0000,0x000000005afa0000)]
  0x0000000056d4d800 JavaThread "Cache worker for file hash cache (C:\Users\namrata.s\.gradle\caches\3.5\fileHashes)" [_thread_blocked, id=144860, stack(0x000000005ac40000,0x000000005ad40000)]
  0x0000000056d48000 JavaThread "Daemon periodic checks" [_thread_blocked, id=144828, stack(0x00000000560e0000,0x00000000561e0000)]
  0x0000000056d46800 JavaThread "Incoming local TCP Connector on port 54415" [_thread_in_native, id=144780, stack(0x000000005a020000,0x000000005a120000)]
  0x0000000056d46000 JavaThread "Daemon health stats" [_thread_blocked, id=144716, stack(0x0000000057d00000,0x0000000057e00000)]
  0x0000000056d8e000 JavaThread "Service Thread" daemon [_thread_blocked, id=144580, stack(0x0000000057230000,0x0000000057330000)]
  0x0000000056d45000 JavaThread "C1 CompilerThread2" daemon [_thread_blocked, id=144576, stack(0x0000000057130000,0x0000000057230000)]
  0x000000005513b800 JavaThread "C2 CompilerThread1" daemon [_thread_in_native, id=144592, stack(0x0000000056c00000,0x0000000056d00000)]
=>0x0000000055137000 JavaThread "C2 CompilerThread0" daemon [_thread_in_native, id=144584, stack(0x0000000056ac0000,0x0000000056bc0000)]
  0x0000000055132800 JavaThread "Attach Listener" daemon [_thread_blocked, id=144568, stack(0x00000000568b0000,0x00000000569b0000)]
  0x0000000055131800 JavaThread "Signal Dispatcher" daemon [_thread_blocked, id=144524, stack(0x00000000566f0000,0x00000000567f0000)]
  0x000000005511a000 JavaThread "Finalizer" daemon [_thread_blocked, id=144532, stack(0x00000000564f0000,0x00000000565f0000)]
  0x00000000550d3000 JavaThread "Reference Handler" daemon [_thread_blocked, id=144536, stack(0x0000000056350000,0x0000000056450000)]
  0x000000000036e800 JavaThread "main" [_thread_blocked, id=13892, stack(0x00000000023c0000,0x00000000024c0000)]

Other Threads:
  0x00000000550cb800 VMThread [stack: 0x00000000561e0000,0x00000000562e0000] [id=144540]
  0x0000000056d99800 WatcherThread [stack: 0x0000000057350000,0x0000000057450000] [id=144588]

VM state:not at safepoint (normal execution)

VM Mutex/Monitor currently owned by a thread: None

Heap:
 PSYoungGen      total 297984K, used 277837K [0x00000000eab00000, 0x0000000100000000, 0x0000000100000000)
  eden space 272384K, 92% used [0x00000000eab00000,0x00000000fa19e498,0x00000000fb500000)
  from space 25600K, 98% used [0x00000000fb500000,0x00000000fcdb51b0,0x00000000fce00000)
  to   space 40448K, 0% used [0x00000000fd880000,0x00000000fd880000,0x0000000100000000)
 ParOldGen       total 107520K, used 49640K [0x00000000c0000000, 0x00000000c6900000, 0x00000000eab00000)
  object space 107520K, 46% used [0x00000000c0000000,0x00000000c307a098,0x00000000c6900000)
 Metaspace       used 72344K, capacity 76426K, committed 76632K, reserved 1116160K
  class space    used 9487K, capacity 10257K, committed 10368K, reserved 1048576K

Card table byte_map: [0x0000000011b50000,0x0000000011d60000] byte_map_base: 0x0000000011550000

Marking Bits: (ParMarkBitMap*) 0x000000006dbdb6d0
 Begin Bits: [0x0000000012540000, 0x0000000013540000)
 End Bits:   [0x0000000013540000, 0x0000000014540000)

Polling page: 0x0000000000130000

CodeCache: size=245760Kb used=51522Kb max_used=53329Kb free=194237Kb
 bounds [0x0000000002790000, 0x0000000005c40000, 0x0000000011790000]
 total_blobs=15176 nmethods=14383 adapters=704
 compilation: enabled

Compilation events (10 events):
Event: 3043.458 Thread 0x0000000055137000 nmethod 18567 0x00000000040cf9d0 code [0x00000000040cfb40, 0x00000000040d00e8]
Event: 3043.458 Thread 0x0000000055137000 18568       4       org.gradle.internal.component.external.model.DefaultModuleComponentArtifactMetadata::getComponentId (8 bytes)
Event: 3043.459 Thread 0x0000000055137000 nmethod 18568 0x00000000029de910 code [0x00000000029dea40, 0x00000000029deab8]
Event: 3043.465 Thread 0x0000000055137000 18569       4       org.gradle.api.internal.artifacts.repositories.resolver.ExternalResourceResolver::getId (25 bytes)
Event: 3043.499 Thread 0x0000000056d45000 18572       3       sun.nio.ch.WindowsSelectorImpl$StartLock::access$300 (5 bytes)
Event: 3043.500 Thread 0x0000000056d45000 nmethod 18572 0x000000000588f510 code [0x000000000588f680, 0x000000000588fa48]
Event: 3043.506 Thread 0x0000000056d45000 18573       3       com.google.common.collect.Maps::newTreeMap (8 bytes)
Event: 3043.506 Thread 0x0000000056d45000 nmethod 18573 0x0000000005517150 code [0x00000000055172c0, 0x0000000005517570]
Event: 3043.525 Thread 0x0000000056d45000 18575       3       org.gradle.api.internal.project.taskfactory.DefaultTaskClassValidatorExtractor$DefaultTaskPropertyActionContext::setInstanceVariableField (17 bytes)
Event: 3043.526 Thread 0x0000000056d45000 nmethod 18575 0x000000000562c750 code [0x000000000562c8a0, 0x000000000562ca90]

GC Heap History (10 events):
Event: 2189.571 GC heap before
{Heap before GC invocations=24 (full 4):
 PSYoungGen      total 311808K, used 173677K [0x00000000eab00000, 0x0000000100000000, 0x0000000100000000)
  eden space 285184K, 51% used [0x00000000eab00000,0x00000000f3af8098,0x00000000fc180000)
  from space 26624K, 98% used [0x00000000fc180000,0x00000000fdb23598,0x00000000fdb80000)
  to   space 35328K, 0% used [0x00000000fdd80000,0x00000000fdd80000,0x0000000100000000)
 ParOldGen       total 107520K, used 75896K [0x00000000c0000000, 0x00000000c6900000, 0x00000000eab00000)
  object space 107520K, 70% used [0x00000000c0000000,0x00000000c4a1e288,0x00000000c6900000)
 Metaspace       used 64978K, capacity 68766K, committed 68824K, reserved 1107968K
  class space    used 8728K, capacity 9461K, committed 9472K, reserved 1048576K
Event: 2189.589 GC heap after
Heap after GC invocations=24 (full 4):
 PSYoungGen      total 314880K, used 4864K [0x00000000eab00000, 0x0000000100000000, 0x0000000100000000)
  eden space 279552K, 0% used [0x00000000eab00000,0x00000000eab00000,0x00000000fbc00000)
  from space 35328K, 13% used [0x00000000fdd80000,0x00000000fe240000,0x0000000100000000)
  to   space 34304K, 0% used [0x00000000fbc00000,0x00000000fbc00000,0x00000000fdd80000)
 ParOldGen       total 107520K, used 76468K [0x00000000c0000000, 0x00000000c6900000, 0x00000000eab00000)
  object space 107520K, 71% used [0x00000000c0000000,0x00000000c4aad100,0x00000000c6900000)
 Metaspace       used 64978K, capacity 68766K, committed 68824K, reserved 1107968K
  class space    used 8728K, capacity 9461K, committed 9472K, reserved 1048576K
}
Event: 2189.589 GC heap before
{Heap before GC invocations=25 (full 5):
 PSYoungGen      total 314880K, used 4864K [0x00000000eab00000, 0x0000000100000000, 0x0000000100000000)
  eden space 279552K, 0% used [0x00000000eab00000,0x00000000eab00000,0x00000000fbc00000)
  from space 35328K, 13% used [0x00000000fdd80000,0x00000000fe240000,0x0000000100000000)
  to   space 34304K, 0% used [0x00000000fbc00000,0x00000000fbc00000,0x00000000fdd80000)
 ParOldGen       total 107520K, used 76468K [0x00000000c0000000, 0x00000000c6900000, 0x00000000eab00000)
  object space 107520K, 71% used [0x00000000c0000000,0x00000000c4aad100,0x00000000c6900000)
 Metaspace       used 64978K, capacity 68766K, committed 68824K, reserved 1107968K
  class space    used 8728K, capacity 9461K, committed 9472K, reserved 1048576K
Event: 2190.508 GC heap after
Heap after GC invocations=25 (full 5):
 PSYoungGen      total 314880K, used 0K [0x00000000eab00000, 0x0000000100000000, 0x0000000100000000)
  eden space 279552K, 0% used [0x00000000eab00000,0x00000000eab00000,0x00000000fbc00000)
  from space 35328K, 0% used [0x00000000fdd80000,0x00000000fdd80000,0x0000000100000000)
  to   space 34304K, 0% used [0x00000000fbc00000,0x00000000fbc00000,0x00000000fdd80000)
 ParOldGen       total 107520K, used 44214K [0x00000000c0000000, 0x00000000c6900000, 0x00000000eab00000)
  object space 107520K, 41% used [0x00000000c0000000,0x00000000c2b2dbc0,0x00000000c6900000)
 Metaspace       used 64780K, capacity 68452K, committed 68824K, reserved 1107968K
  class space    used 8697K, capacity 9404K, committed 9472K, reserved 1048576K
}
Event: 2212.213 GC heap before
{Heap before GC invocations=26 (full 5):
 PSYoungGen      total 314880K, used 279552K [0x00000000eab00000, 0x0000000100000000, 0x0000000100000000)
  eden space 279552K, 100% used [0x00000000eab00000,0x00000000fbc00000,0x00000000fbc00000)
  from space 35328K, 0% used [0x00000000fdd80000,0x00000000fdd80000,0x0000000100000000)
  to   space 34304K, 0% used [0x00000000fbc00000,0x00000000fbc00000,0x00000000fdd80000)
 ParOldGen       total 107520K, used 44214K [0x00000000c0000000, 0x00000000c6900000, 0x00000000eab00000)
  object space 107520K, 41% used [0x00000000c0000000,0x00000000c2b2dbc0,0x00000000c6900000)
 Metaspace       used 65585K, capacity 69430K, committed 69720K, reserved 1110016K
  class space    used 8764K, capacity 9487K, committed 9600K, reserved 1048576K
Event: 2212.237 GC heap after
Heap after GC invocations=26 (full 5):
 PSYoungGen      total 290304K, used 10430K [0x00000000eab00000, 0x00000000ffb00000, 0x0000000100000000)
  eden space 279552K, 0% used [0x00000000eab00000,0x00000000eab00000,0x00000000fbc00000)
  from space 10752K, 97% used [0x00000000fbc00000,0x00000000fc62fa08,0x00000000fc680000)
  to   space 32256K, 0% used [0x00000000fdb80000,0x00000000fdb80000,0x00000000ffb00000)
 ParOldGen       total 107520K, used 44222K [0x00000000c0000000, 0x00000000c6900000, 0x00000000eab00000)
  object space 107520K, 41% used [0x00000000c0000000,0x00000000c2b2fbc0,0x00000000c6900000)
 Metaspace       used 65585K, capacity 69430K, committed 69720K, reserved 1110016K
  class space    used 8764K, capacity 9487K, committed 9600K, reserved 1048576K
}
Event: 2247.962 GC heap before
{Heap before GC invocations=27 (full 5):
 PSYoungGen      total 290304K, used 289982K [0x00000000eab00000, 0x00000000ffb00000, 0x0000000100000000)
  eden space 279552K, 100% used [0x00000000eab00000,0x00000000fbc00000,0x00000000fbc00000)
  from space 10752K, 97% used [0x00000000fbc00000,0x00000000fc62fa08,0x00000000fc680000)
  to   space 32256K, 0% used [0x00000000fdb80000,0x00000000fdb80000,0x00000000ffb00000)
 ParOldGen       total 107520K, used 44222K [0x00000000c0000000, 0x00000000c6900000, 0x00000000eab00000)
  object space 107520K, 41% used [0x00000000c0000000,0x00000000c2b2fbc0,0x00000000c6900000)
 Metaspace       used 65707K, capacity 69600K, committed 69720K, reserved 1110016K
  class space    used 8775K, capacity 9498K, committed 9600K, reserved 1048576K
Event: 2248.042 GC heap after
Heap after GC invocations=27 (full 5):
 PSYoungGen      total 304640K, used 32247K [0x00000000eab00000, 0x0000000100000000, 0x0000000100000000)
  eden space 272384K, 0% used [0x00000000eab00000,0x00000000eab00000,0x00000000fb500000)
  from space 32256K, 99% used [0x00000000fdb80000,0x00000000ffafde40,0x00000000ffb00000)
  to   space 38400K, 0% used [0x00000000fb500000,0x00000000fb500000,0x00000000fda80000)
 ParOldGen       total 107520K, used 45480K [0x00000000c0000000, 0x00000000c6900000, 0x00000000eab00000)
  object space 107520K, 42% used [0x00000000c0000000,0x00000000c2c6a198,0x00000000c6900000)
 Metaspace       used 65707K, capacity 69600K, committed 69720K, reserved 1110016K
  class space    used 8775K, capacity 9498K, committed 9600K, reserved 1048576K
}
Event: 2259.508 GC heap before
{Heap before GC invocations=28 (full 5):
 PSYoungGen      total 304640K, used 304631K [0x00000000eab00000, 0x0000000100000000, 0x0000000100000000)
  eden space 272384K, 100% used [0x00000000eab00000,0x00000000fb500000,0x00000000fb500000)
  from space 32256K, 99% used [0x00000000fdb80000,0x00000000ffafde40,0x00000000ffb00000)
  to   space 38400K, 0% used [0x00000000fb500000,0x00000000fb500000,0x00000000fda80000)
 ParOldGen       total 107520K, used 45480K [0x00000000c0000000, 0x00000000c6900000, 0x00000000eab00000)
  object space 107520K, 42% used [0x00000000c0000000,0x00000000c2c6a198,0x00000000c6900000)
 Metaspace       used 70825K, capacity 74736K, committed 74968K, reserved 1114112K
  class space    used 9390K, capacity 10114K, committed 10240K, reserved 1048576K
Event: 2259.603 GC heap after
Heap after GC invocations=28 (full 5):
 PSYoungGen      total 297984K, used 25300K [0x00000000eab00000, 0x0000000100000000, 0x0000000100000000)
  eden space 272384K, 0% used [0x00000000eab00000,0x00000000eab00000,0x00000000fb500000)
  from space 25600K, 98% used [0x00000000fb500000,0x00000000fcdb51b0,0x00000000fce00000)
  to   space 40448K, 0% used [0x00000000fd880000,0x00000000fd880000,0x0000000100000000)
 ParOldGen       total 107520K, used 49640K [0x00000000c0000000, 0x00000000c6900000, 0x00000000eab00000)
  object space 107520K, 46% used [0x00000000c0000000,0x00000000c307a098,0x00000000c6900000)
 Metaspace       used 70825K, capacity 74736K, committed 74968K, reserved 1114112K
  class space    used 9390K, capacity 10114K, committed 10240K, reserved 1048576K
}

Deoptimization events (10 events):
Event: 2267.023 Thread 0x0000000056d4b000 Uncommon trap: reason=class_check action=maybe_recompile pc=0x00000000046ce848 method=java.io.ObjectOutputStream.writeObject0(Ljava/lang/Object;Z)V @ 240
Event: 2267.027 Thread 0x0000000056d4b000 Uncommon trap: reason=class_check action=maybe_recompile pc=0x00000000046ce848 method=java.io.ObjectOutputStream.writeObject0(Ljava/lang/Object;Z)V @ 240
Event: 2267.028 Thread 0x0000000056d4b000 Uncommon trap: reason=class_check action=maybe_recompile pc=0x00000000046ce848 method=java.io.ObjectOutputStream.writeObject0(Ljava/lang/Object;Z)V @ 240
Event: 2267.066 Thread 0x0000000056d4b000 Uncommon trap: reason=unstable_if action=reinterpret pc=0x000000000426f574 method=java.io.ObjectOutputStream$BlockDataOutputStream.writeByte(I)V @ 7
Event: 3042.741 Thread 0x0000000056d4c000 Uncommon trap: reason=unstable_if action=reinterpret pc=0x0000000002ac9a50 method=com.google.gson.stream.JsonReader.peekKeyword()I @ 37
Event: 3042.759 Thread 0x0000000056d4c000 Uncommon trap: reason=unstable_if action=reinterpret pc=0x00000000033bf30c method=com.google.gson.stream.JsonReader.peekKeyword()I @ 37
Event: 3042.819 Thread 0x0000000056d4c000 Uncommon trap: reason=class_check action=maybe_recompile pc=0x00000000045ae670 method=java.util.Comparator.lambda$comparing$77a9974f$1(Ljava/util/function/Function;Ljava/lang/Object;Ljava/lang/Object;)I @ 2
Event: 3042.819 Thread 0x0000000056d4c000 Uncommon trap: reason=class_check action=maybe_recompile pc=0x00000000045ae670 method=java.util.Comparator.lambda$comparing$77a9974f$1(Ljava/util/function/Function;Ljava/lang/Object;Ljava/lang/Object;)I @ 2
Event: 3042.819 Thread 0x0000000056d4c000 Uncommon trap: reason=class_check action=maybe_recompile pc=0x00000000045ae670 method=java.util.Comparator.lambda$comparing$77a9974f$1(Ljava/util/function/Function;Ljava/lang/Object;Ljava/lang/Object;)I @ 2
Event: 3042.819 Thread 0x0000000056d4c000 Uncommon trap: reason=class_check action=maybe_recompile pc=0x00000000045ae670 method=java.util.Comparator.lambda$comparing$77a9974f$1(Ljava/util/function/Function;Ljava/lang/Object;Ljava/lang/Object;)I @ 2

Internal exceptions (10 events):
Event: 3040.438 Thread 0x0000000056d4c000 Exception <a 'sun/nio/fs/WindowsException'> (0x00000000f509ee68) thrown at [C:\re\workspace\8-2-build-windows-amd64-cygwin\jdk8u121\8372\hotspot\src\share\vm\prims\jni.cpp, line 709]
Event: 3040.438 Thread 0x0000000056d4c000 Exception <a 'sun/nio/fs/WindowsException'> (0x00000000f50a1db0) thrown at [C:\re\workspace\8-2-build-windows-amd64-cygwin\jdk8u121\8372\hotspot\src\share\vm\prims\jni.cpp, line 709]
Event: 3040.438 Thread 0x0000000056d4c000 Exception <a 'sun/nio/fs/WindowsException'> (0x00000000f50a2ad8) thrown at [C:\re\workspace\8-2-build-windows-amd64-cygwin\jdk8u121\8372\hotspot\src\share\vm\prims\jni.cpp, line 709]
Event: 3040.439 Thread 0x0000000056d4c000 Exception <a 'sun/nio/fs/WindowsException'> (0x00000000f50a4830) thrown at [C:\re\workspace\8-2-build-windows-amd64-cygwin\jdk8u121\8372\hotspot\src\share\vm\prims\jni.cpp, line 709]
Event: 3040.439 Thread 0x0000000056d4c000 Exception <a 'sun/nio/fs/WindowsException'> (0x00000000f50a5598) thrown at [C:\re\workspace\8-2-build-windows-amd64-cygwin\jdk8u121\8372\hotspot\src\share\vm\prims\jni.cpp, line 709]
Event: 3040.439 Thread 0x0000000056d4c000 Exception <a 'sun/nio/fs/WindowsException'> (0x00000000f50a8590) thrown at [C:\re\workspace\8-2-build-windows-amd64-cygwin\jdk8u121\8372\hotspot\src\share\vm\prims\jni.cpp, line 709]
Event: 3040.439 Thread 0x0000000056d4c000 Exception <a 'sun/nio/fs/WindowsException'> (0x00000000f50a92e0) thrown at [C:\re\workspace\8-2-build-windows-amd64-cygwin\jdk8u121\8372\hotspot\src\share\vm\prims\jni.cpp, line 709]
Event: 3040.439 Thread 0x0000000056d4c000 Exception <a 'sun/nio/fs/WindowsException'> (0x00000000f50ab060) thrown at [C:\re\workspace\8-2-build-windows-amd64-cygwin\jdk8u121\8372\hotspot\src\share\vm\prims\jni.cpp, line 709]
Event: 3040.439 Thread 0x0000000056d4c000 Exception <a 'sun/nio/fs/WindowsException'> (0x00000000f50abdf0) thrown at [C:\re\workspace\8-2-build-windows-amd64-cygwin\jdk8u121\8372\hotspot\src\share\vm\prims\jni.cpp, line 709]
Event: 3042.818 Thread 0x0000000056d4c000 Exception <a 'sun/nio/fs/WindowsException'> (0x00000000f8f9a7b0) thrown at [C:\re\workspace\8-2-build-windows-amd64-cygwin\jdk8u121\8372\hotspot\src\share\vm\prims\jni.cpp, line 709]

Events (10 events):
Event: 3042.819 Thread 0x0000000056d4c000 DEOPT UNPACKING pc=0x00000000027d582a sp=0x000000005a47bfb8 mode 2
Event: 3042.819 Thread 0x0000000056d4c000 Uncommon trap: trap_request=0xffffffde fr.pc=0x00000000045ae670
Event: 3042.819 Thread 0x0000000056d4c000 DEOPT PACKING pc=0x00000000045ae670 sp=0x000000005a47bf90
Event: 3042.819 Thread 0x0000000056d4c000 DEOPT UNPACKING pc=0x00000000027d582a sp=0x000000005a47bed8 mode 2
Event: 3043.303 loading class org/gradle/internal/metaobject/BeanDynamicObject$1
Event: 3043.303 loading class org/gradle/internal/metaobject/BeanDynamicObject$1 done
Event: 3043.526 Executing VM operation: RevokeBias
Event: 3043.527 Executing VM operation: RevokeBias done
Event: 3043.527 Executing VM operation: RevokeBias
Event: 3043.527 Executing VM operation: RevokeBias done


Dynamic libraries:
0x000000013fb10000 - 0x000000013fb47000 	C:\Program Files\Java\jdk1.8.0_121\bin\java.exe
0x00000000776d0000 - 0x0000000077879000 	C:\Windows\SYSTEM32\ntdll.dll
0x00000000774b0000 - 0x00000000775cf000 	C:\Windows\system32\kernel32.dll
0x000007fefd940000 - 0x000007fefd9ab000 	C:\Windows\system32\KERNELBASE.dll
0x000007feff220000 - 0x000007feff2fb000 	C:\Windows\system32\ADVAPI32.dll
0x000007feff300000 - 0x000007feff39f000 	C:\Windows\system32\msvcrt.dll
0x000007feff840000 - 0x000007feff85f000 	C:\Windows\SYSTEM32\sechost.dll
0x000007feff6b0000 - 0x000007feff7dd000 	C:\Windows\system32\RPCRT4.dll
0x00000000775d0000 - 0x00000000776ca000 	C:\Windows\system32\USER32.dll
0x000007feff640000 - 0x000007feff6a7000 	C:\Windows\system32\GDI32.dll
0x000007feff3a0000 - 0x000007feff3ae000 	C:\Windows\system32\LPK.dll
0x000007fefdbf0000 - 0x000007fefdcb9000 	C:\Windows\system32\USP10.dll
0x000007fefbcd0000 - 0x000007fefbec4000 	C:\Windows\WinSxS\amd64_microsoft.windows.common-controls_6595b64144ccf1df_6.0.7601.17514_none_fa396087175ac9ac\COMCTL32.dll
0x000007fefd9f0000 - 0x000007fefda61000 	C:\Windows\system32\SHLWAPI.dll
0x000007fefede0000 - 0x000007fefee0e000 	C:\Windows\system32\IMM32.DLL
0x000007feff3b0000 - 0x000007feff4b9000 	C:\Windows\system32\MSCTF.dll
0x000000006c700000 - 0x000000006c7d2000 	C:\Program Files\Java\jdk1.8.0_121\jre\bin\msvcr100.dll
0x000000006d3c0000 - 0x000000006dc5b000 	C:\Program Files\Java\jdk1.8.0_121\jre\bin\server\jvm.dll
0x000007fefb180000 - 0x000007fefb189000 	C:\Windows\system32\WSOCK32.dll
0x000007feff7e0000 - 0x000007feff82d000 	C:\Windows\system32\WS2_32.dll
0x000007feff830000 - 0x000007feff838000 	C:\Windows\system32\NSI.dll
0x000007fefa9e0000 - 0x000007fefaa1b000 	C:\Windows\system32\WINMM.dll
0x000007fefc770000 - 0x000007fefc77c000 	C:\Windows\system32\VERSION.dll
0x00000000778a0000 - 0x00000000778a7000 	C:\Windows\system32\PSAPI.DLL
0x000000006f180000 - 0x000000006f18f000 	C:\Program Files\Java\jdk1.8.0_121\jre\bin\verify.dll
0x000000006f150000 - 0x000000006f179000 	C:\Program Files\Java\jdk1.8.0_121\jre\bin\java.dll
0x000000006f0f0000 - 0x000000006f106000 	C:\Program Files\Java\jdk1.8.0_121\jre\bin\zip.dll
0x000007fefddf0000 - 0x000007fefeb78000 	C:\Windows\system32\SHELL32.dll
0x000007fefeff0000 - 0x000007feff1f3000 	C:\Windows\system32\ole32.dll
0x000007fefd620000 - 0x000007fefd62f000 	C:\Windows\system32\profapi.dll
0x000000006f0d0000 - 0x000000006f0ea000 	C:\Program Files\Java\jdk1.8.0_121\jre\bin\net.dll
0x000007fefce90000 - 0x000007fefcee5000 	C:\Windows\system32\mswsock.dll
0x000007fefce80000 - 0x000007fefce87000 	C:\Windows\System32\wship6.dll
0x000000006f0b0000 - 0x000000006f0c1000 	C:\Program Files\Java\jdk1.8.0_121\jre\bin\nio.dll
0x000007fefa680000 - 0x000007fefa69e000 	C:\Users\namrata.s\.gradle\native\25\windows-amd64\native-platform.dll
0x000007fefcef0000 - 0x000007fefcf07000 	C:\Windows\system32\CRYPTSP.dll
0x000007fefcbf0000 - 0x000007fefcc37000 	C:\Windows\system32\rsaenh.dll
0x000007fefc960000 - 0x000007fefc97e000 	C:\Windows\system32\USERENV.dll
0x000007fefd550000 - 0x000007fefd55f000 	C:\Windows\system32\CRYPTBASE.dll
0x000007fefbc40000 - 0x000007fefbc67000 	C:\Windows\system32\IPHLPAPI.DLL
0x000007fefbc20000 - 0x000007fefbc2b000 	C:\Windows\system32\WINNSI.DLL
0x000007fefba30000 - 0x000007fefba48000 	C:\Windows\system32\dhcpcsvc.DLL
0x000007fefba10000 - 0x000007fefba21000 	C:\Windows\system32\dhcpcsvc6.DLL
0x000000006f540000 - 0x000000006f54d000 	C:\Program Files\Java\jdk1.8.0_121\jre\bin\management.dll
0x000007fefd4f0000 - 0x000007fefd547000 	C:\Windows\system32\apphelp.dll
0x000000006d1f0000 - 0x000000006d214000 	C:\Program Files\Java\jdk1.8.0_121\jre\bin\sunec.dll
0x000000006f000000 - 0x000000006f00b000 	C:\Program Files\Java\jdk1.8.0_121\jre\bin\sunmscapi.dll
0x000007fefd790000 - 0x000007fefd8f7000 	C:\Windows\system32\CRYPT32.dll
0x000007fefd6c0000 - 0x000007fefd6cf000 	C:\Windows\system32\MSASN1.dll

VM Arguments:
jvm_args: -XX:MaxPermSize=256m -XX:+HeapDumpOnOutOfMemoryError -Xmx1024m -Dfile.encoding=windows-1252 -Duser.country=US -Duser.language=en -Duser.variant 
java_command: org.gradle.launcher.daemon.bootstrap.GradleDaemon 3.5
java_class_path (initial): C:\Users\namrata.s\.gradle\wrapper\dists\gradle-3.5-all\exhrs6ca08n232b14ue48lbye\gradle-3.5\lib\gradle-launcher-3.5.jar
Launcher Type: SUN_STANDARD

Environment Variables:
PATH=C:\ProgramData\Oracle\Java\javapath;C:\Windows\system32;C:\Windows;C:\Windows\System32\Wbem;C:\Windows\System32\WindowsPowerShell\v1.0\;C:\Program Files\Intel\DMIX;C:\Program Files\Intel\WiFi\bin\;C:\Program Files\Common Files\Intel\WirelessCommon\;C:\Program Files\nodejs\;C:\Users\namrata.s\AppData\Roaming\npm
USERNAME=namrata.s
OS=Windows_NT
PROCESSOR_IDENTIFIER=Intel64 Family 6 Model 37 Stepping 5, GenuineIntel



---------------  S Y S T E M  ---------------

OS: Windows 7 , 64 bit Build 7601 (6.1.7601.17514)

CPU:total 4 (2 cores per cpu, 2 threads per core) family 6 model 37 stepping 5, cmov, cx8, fxsr, mmx, sse, sse2, sse3, ssse3, sse4.1, sse4.2, popcnt, aes, clmul, ht, tsc, tscinvbit

Memory: 4k page, physical 4052840k(65272k free), swap 5924436k(35240k free)

vm_info: Java HotSpot(TM) 64-Bit Server VM (25.121-b13) for windows-amd64 JRE (1.8.0_121-b13), built on Dec 12 2016 18:21:36 by "java_re" with MS VC++ 10.0 (VS2010)

time: Mon Aug 14 17:19:53 2017
elapsed time: 3043 seconds (0d 0h 50m 43s)

