#
# There is insufficient memory for the Java Runtime Environment to continue.
# Native memory allocation (malloc) failed to allocate 382256 bytes for Chunk::new
# Possible reasons:
#   The system is out of physical RAM or swap space
#   In 32 bit mode, the process size limit was hit
# Possible solutions:
#   Reduce memory load on the system
#   Increase physical memory or swap space
#   Check if swap backing store is full
#   Use 64 bit Java on a 64 bit OS
#   Decrease Java heap size (-Xmx/-Xms)
#   Decrease number of Java threads
#   Decrease Java thread stack sizes (-Xss)
#   Set larger code cache with -XX:ReservedCodeCacheSize=
# This output file may be truncated or incomplete.
#
#  Out of Memory Error (allocation.cpp:390), pid=5192, tid=0x0000000000001794
#
# JRE version: Java(TM) SE Runtime Environment (8.0_121-b13) (build 1.8.0_121-b13)
# Java VM: Java HotSpot(TM) 64-Bit Server VM (25.121-b13 mixed mode windows-amd64 compressed oops)
# Failed to write core dump. Minidumps are not enabled by default on client versions of Windows
#

---------------  T H R E A D  ---------------

Current thread (0x000000001d4a9000):  JavaThread "C2 CompilerThread1" daemon [_thread_in_native, id=6036, stack(0x000000001dce0000,0x000000001dde0000)]

Stack: [0x000000001dce0000,0x000000001dde0000]
[error occurred during error reporting (printing stack bounds), id 0xc0000005]

Native frames: (J=compiled Java code, j=interpreted, Vv=VM code, C=native code)


Current CompileTask:
C2:   1347  792       4       com.android.dx.ssa.SsaBasicBlock::newFromRop (183 bytes)


---------------  P R O C E S S  ---------------

Java Threads: ( => current thread )
  0x000000001d7b6000 JavaThread "pool-2-thread-4" [_thread_in_vm, id=5376, stack(0x000000001e770000,0x000000001e870000)]
  0x000000001d7b2800 JavaThread "pool-2-thread-3" [_thread_in_vm, id=4316, stack(0x000000001df70000,0x000000001e070000)]
  0x000000001d72c000 JavaThread "pool-2-thread-2" [_thread_blocked, id=5660, stack(0x000000001e4a0000,0x000000001e5a0000)]
  0x000000001d725000 JavaThread "pool-3-thread-1" [_thread_blocked, id=3580, stack(0x000000001e5c0000,0x000000001e6c0000)]
  0x000000001d722800 JavaThread "pool-2-thread-1" [_thread_blocked, id=5416, stack(0x000000001e370000,0x000000001e470000)]
  0x000000001d509000 JavaThread "Service Thread" daemon [_thread_blocked, id=3164, stack(0x000000001da60000,0x000000001db60000)]
  0x000000001d503800 JavaThread "C1 CompilerThread2" daemon [_thread_blocked, id=4680, stack(0x000000001e070000,0x000000001e170000)]
=>0x000000001d4a9000 JavaThread "C2 CompilerThread1" daemon [_thread_in_native, id=6036, stack(0x000000001dce0000,0x000000001dde0000)]
  0x000000001d4a3800 JavaThread "C2 CompilerThread0" daemon [_thread_blocked, id=6044, stack(0x000000001de00000,0x000000001df00000)]
  0x000000001d4a0800 JavaThread "Attach Listener" daemon [_thread_blocked, id=5740, stack(0x000000001db90000,0x000000001dc90000)]
  0x000000001c187000 JavaThread "Signal Dispatcher" daemon [_thread_blocked, id=5300, stack(0x000000001d950000,0x000000001da50000)]
  0x000000001c16f000 JavaThread "Finalizer" daemon [_thread_blocked, id=5128, stack(0x000000001d3a0000,0x000000001d4a0000)]
  0x000000001c128000 JavaThread "Reference Handler" daemon [_thread_blocked, id=6128, stack(0x000000001d260000,0x000000001d360000)]
  0x000000000035e000 JavaThread "main" [_thread_in_Java, id=2660, stack(0x00000000026c0000,0x00000000027c0000)]

Other Threads:
  0x000000001c120800 VMThread [stack: 0x000000001d140000,0x000000001d240000] [id=5816]
  0x000000001d520000 WatcherThread [stack: 0x000000001e200000,0x000000001e300000] [id=2020]

VM state:not at safepoint (normal execution)

VM Mutex/Monitor currently owned by a thread: None

Heap:
 PSYoungGen      total 18432K, used 3886K [0x000000076ab00000, 0x000000076bf80000, 0x00000007c0000000)
  eden space 15872K, 8% used [0x000000076ab00000,0x000000076ac53970,0x000000076ba80000)
  from space 2560K, 98% used [0x000000076ba80000,0x000000076bcf8028,0x000000076bd00000)
  to   space 2560K, 0% used [0x000000076bd00000,0x000000076bd00000,0x000000076bf80000)
 ParOldGen       total 42496K, used 5548K [0x00000006c0000000, 0x00000006c2980000, 0x000000076ab00000)
  object space 42496K, 13% used [0x00000006c0000000,0x00000006c056b348,0x00000006c2980000)
 Metaspace       used 6085K, capacity 6936K, committed 7168K, reserved 1058816K
  class space    used 618K, capacity 656K, committed 768K, reserved 1048576K

Card table byte_map: [0x0000000011e50000,0x0000000012660000] byte_map_base: 0x000000000e850000

Marking Bits: (ParMarkBitMap*) 0x00000000705cb6d0
 Begin Bits: [0x0000000012f90000, 0x0000000016f90000)
 End Bits:   [0x0000000016f90000, 0x000000001af90000)

Polling page: 0x0000000000130000

CodeCache: size=245760Kb used=3463Kb max_used=3463Kb free=242296Kb
 bounds [0x0000000002a90000, 0x0000000002e00000, 0x0000000011a90000]
 total_blobs=1116 nmethods=846 adapters=181
 compilation: enabled

Compilation events (10 events):
Event: 1.246 Thread 0x000000001d503800 nmethod 798 0x0000000002df23d0 code [0x0000000002df2560, 0x0000000002df28e8]
Event: 1.246 Thread 0x000000001d503800  801       3       com.android.dx.cf.code.ByteBlockList::get (9 bytes)
Event: 1.246 Thread 0x000000001d503800 nmethod 801 0x0000000002df2a10 code [0x0000000002df2b80, 0x0000000002df2e68]
Event: 1.246 Thread 0x000000001d503800  962       2       com.android.dx.util.Bits::or (24 bytes)
Event: 1.247 Thread 0x000000001d503800 nmethod 962 0x0000000002df2f10 code [0x0000000002df3080, 0x0000000002df3250]
Event: 1.247 Thread 0x000000001d503800  960       2       com.android.dx.ssa.InterferenceRegisterMapper::addInterfence (62 bytes)
Event: 1.248 Thread 0x000000001d503800 nmethod 960 0x0000000002df3390 code [0x0000000002df35a0, 0x0000000002df3dc8]
Event: 1.248 Thread 0x000000001d503800  945       2       com.android.dx.rop.code.Rop::isCommutative (60 bytes)
Event: 1.248 Thread 0x000000001d503800 nmethod 945 0x0000000002df47d0 code [0x0000000002df4920, 0x0000000002df4ab0]
Event: 1.248 Thread 0x000000001d503800  902       2       java.util.TreeMap::get (19 bytes)

GC Heap History (6 events):
Event: 0.771 GC heap before
{Heap before GC invocations=1 (full 0):
 PSYoungGen      total 18432K, used 15872K [0x000000076ab00000, 0x000000076bf80000, 0x00000007c0000000)
  eden space 15872K, 100% used [0x000000076ab00000,0x000000076ba80000,0x000000076ba80000)
  from space 2560K, 0% used [0x000000076bd00000,0x000000076bd00000,0x000000076bf80000)
  to   space 2560K, 0% used [0x000000076ba80000,0x000000076ba80000,0x000000076bd00000)
 ParOldGen       total 42496K, used 0K [0x00000006c0000000, 0x00000006c2980000, 0x000000076ab00000)
  object space 42496K, 0% used [0x00000006c0000000,0x00000006c0000000,0x00000006c2980000)
 Metaspace       used 5778K, capacity 6680K, committed 6912K, reserved 1056768K
  class space    used 614K, capacity 656K, committed 768K, reserved 1048576K
Event: 0.783 GC heap after
Heap after GC invocations=1 (full 0):
 PSYoungGen      total 18432K, used 2536K [0x000000076ab00000, 0x000000076bf80000, 0x00000007c0000000)
  eden space 15872K, 0% used [0x000000076ab00000,0x000000076ab00000,0x000000076ba80000)
  from space 2560K, 99% used [0x000000076ba80000,0x000000076bcfa078,0x000000076bd00000)
  to   space 2560K, 0% used [0x000000076bd00000,0x000000076bd00000,0x000000076bf80000)
 ParOldGen       total 42496K, used 1196K [0x00000006c0000000, 0x00000006c2980000, 0x000000076ab00000)
  object space 42496K, 2% used [0x00000006c0000000,0x00000006c012b030,0x00000006c2980000)
 Metaspace       used 5778K, capacity 6680K, committed 6912K, reserved 1056768K
  class space    used 614K, capacity 656K, committed 768K, reserved 1048576K
}
Event: 1.027 GC heap before
{Heap before GC invocations=2 (full 0):
 PSYoungGen      total 18432K, used 18408K [0x000000076ab00000, 0x000000076bf80000, 0x00000007c0000000)
  eden space 15872K, 100% used [0x000000076ab00000,0x000000076ba80000,0x000000076ba80000)
  from space 2560K, 99% used [0x000000076ba80000,0x000000076bcfa078,0x000000076bd00000)
  to   space 2560K, 0% used [0x000000076bd00000,0x000000076bd00000,0x000000076bf80000)
 ParOldGen       total 42496K, used 1196K [0x00000006c0000000, 0x00000006c2980000, 0x000000076ab00000)
  object space 42496K, 2% used [0x00000006c0000000,0x00000006c012b030,0x00000006c2980000)
 Metaspace       used 5981K, capacity 6872K, committed 7168K, reserved 1058816K
  class space    used 617K, capacity 656K, committed 768K, reserved 1048576K
Event: 1.037 GC heap after
Heap after GC invocations=2 (full 0):
 PSYoungGen      total 18432K, used 2538K [0x000000076ab00000, 0x000000076bf80000, 0x00000007c0000000)
  eden space 15872K, 0% used [0x000000076ab00000,0x000000076ab00000,0x000000076ba80000)
  from space 2560K, 99% used [0x000000076bd00000,0x000000076bf7aaa8,0x000000076bf80000)
  to   space 2560K, 0% used [0x000000076ba80000,0x000000076ba80000,0x000000076bd00000)
 ParOldGen       total 42496K, used 2997K [0x00000006c0000000, 0x00000006c2980000, 0x000000076ab00000)
  object space 42496K, 7% used [0x00000006c0000000,0x00000006c02ed5f8,0x00000006c2980000)
 Metaspace       used 5981K, capacity 6872K, committed 7168K, reserved 1058816K
  class space    used 617K, capacity 656K, committed 768K, reserved 1048576K
}
Event: 1.256 GC heap before
{Heap before GC invocations=3 (full 0):
 PSYoungGen      total 18432K, used 18410K [0x000000076ab00000, 0x000000076bf80000, 0x00000007c0000000)
  eden space 15872K, 100% used [0x000000076ab00000,0x000000076ba80000,0x000000076ba80000)
  from space 2560K, 99% used [0x000000076bd00000,0x000000076bf7aaa8,0x000000076bf80000)
  to   space 2560K, 0% used [0x000000076ba80000,0x000000076ba80000,0x000000076bd00000)
 ParOldGen       total 42496K, used 2997K [0x00000006c0000000, 0x00000006c2980000, 0x000000076ab00000)
  object space 42496K, 7% used [0x00000006c0000000,0x00000006c02ed5f8,0x00000006c2980000)
 Metaspace       used 6085K, capacity 6936K, committed 7168K, reserved 1058816K
  class space    used 618K, capacity 656K, committed 768K, reserved 1048576K
Event: 1.305 GC heap after
Heap after GC invocations=3 (full 0):
 PSYoungGen      total 18432K, used 2528K [0x000000076ab00000, 0x000000076bf80000, 0x00000007c0000000)
  eden space 15872K, 0% used [0x000000076ab00000,0x000000076ab00000,0x000000076ba80000)
  from space 2560K, 98% used [0x000000076ba80000,0x000000076bcf8028,0x000000076bd00000)
  to   space 2560K, 0% used [0x000000076bd00000,0x000000076bd00000,0x000000076bf80000)
 ParOldGen       total 42496K, used 5548K [0x00000006c0000000, 0x00000006c2980000, 0x000000076ab00000)
  object space 42496K, 13% used [0x00000006c0000000,0x00000006c056b348,0x00000006c2980000)
 Metaspace       used 6085K, capacity 6936K, committed 7168K, reserved 1058816K
  class space    used 618K, capacity 656K, committed 768K, reserved 1048576K
}

Deoptimization events (4 events):
Event: 0.653 Thread 0x000000001d72c000 Uncommon trap: reason=unstable_if action=reinterpret pc=0x0000000002c9fa84 method=java.util.HashMap.getNode(ILjava/lang/Object;)Ljava/util/HashMap$Node; @ 129
Event: 0.734 Thread 0x000000000035e000 Uncommon trap: reason=unstable_if action=reinterpret pc=0x0000000002c990b0 method=java.lang.String.<init>([CII)V @ 18
Event: 0.789 Thread 0x000000001d72c000 Uncommon trap: reason=unstable_if action=reinterpret pc=0x0000000002cdc838 method=java.util.BitSet.ensureCapacity(I)V @ 6
Event: 0.878 Thread 0x000000001d7b6000 Uncommon trap: reason=unstable_if action=reinterpret pc=0x0000000002d305cc method=com.android.dx.rop.code.RegisterSpec.equals(ILcom/android/dx/rop/type/TypeBearer;Lcom/android/dx/rop/code/LocalItem;)Z @ 16

Internal exceptions (2 events):
Event: 0.075 Thread 0x000000000035e000 Exception <a 'java/lang/NoSuchMethodError': Method sun.misc.Unsafe.defineClass(Ljava/lang/String;[BII)Ljava/lang/Class; name or signature does not match> (0x000000076ab07ca8) thrown at [C:\re\workspace\8-2-build-windows-amd64-cygwin\jdk8u121\8372\hotspot\
Event: 0.075 Thread 0x000000000035e000 Exception <a 'java/lang/NoSuchMethodError': Method sun.misc.Unsafe.prefetchRead(Ljava/lang/Object;J)V name or signature does not match> (0x000000076ab07f90) thrown at [C:\re\workspace\8-2-build-windows-amd64-cygwin\jdk8u121\8372\hotspot\src\share\vm\prims

Events (10 events):
Event: 1.169 Thread 0x000000001d4a9000 flushing nmethod 0x0000000002bca990
Event: 1.169 Thread 0x000000001d4a9000 flushing nmethod 0x0000000002bcaed0
Event: 1.169 Thread 0x000000001d4a9000 flushing nmethod 0x0000000002bcbdd0
Event: 1.169 Thread 0x000000001d4a9000 flushing nmethod 0x0000000002bcc910
Event: 1.169 Thread 0x000000001d4a9000 flushing nmethod 0x0000000002bcd010
Event: 1.169 Thread 0x000000001d4a9000 flushing nmethod 0x0000000002bce410
Event: 1.169 Thread 0x000000001d4a9000 flushing nmethod 0x0000000002bcfc50
Event: 1.169 Thread 0x000000001d4a9000 flushing nmethod 0x0000000002bd3510
Event: 1.248 Executing VM operation: ParallelGCFailedAllocation
Event: 1.305 Executing VM operation: ParallelGCFailedAllocation done


Dynamic libraries:
0x000000013fd60000 - 0x000000013fd97000 	C:\Program Files\Android\Android Studio\jdk1.8.0_121\bin\java.exe
0x0000000076d50000 - 0x0000000076ef9000 	C:\Windows\SYSTEM32\ntdll.dll
0x0000000076c30000 - 0x0000000076d4f000 	C:\Windows\system32\kernel32.dll
0x000007fefcd90000 - 0x000007fefcdfb000 	C:\Windows\system32\KERNELBASE.dll
0x000007fefef80000 - 0x000007feff05b000 	C:\Windows\system32\ADVAPI32.dll
0x000007fefd960000 - 0x000007fefd9ff000 	C:\Windows\system32\msvcrt.dll
0x000007fefdb10000 - 0x000007fefdb2f000 	C:\Windows\SYSTEM32\sechost.dll
0x000007fefdd40000 - 0x000007fefde6d000 	C:\Windows\system32\RPCRT4.dll
0x0000000076b30000 - 0x0000000076c2a000 	C:\Windows\system32\USER32.dll
0x000007fefee20000 - 0x000007fefee87000 	C:\Windows\system32\GDI32.dll
0x000007fefef70000 - 0x000007fefef7e000 	C:\Windows\system32\LPK.dll
0x000007fefd070000 - 0x000007fefd139000 	C:\Windows\system32\USP10.dll
0x000007fefb350000 - 0x000007fefb544000 	C:\Windows\WinSxS\amd64_microsoft.windows.common-controls_6595b64144ccf1df_6.0.7601.17514_none_fa396087175ac9ac\COMCTL32.dll
0x000007fefd840000 - 0x000007fefd8b1000 	C:\Windows\system32\SHLWAPI.dll
0x000007fefd810000 - 0x000007fefd83e000 	C:\Windows\system32\IMM32.DLL
0x000007fefda00000 - 0x000007fefdb09000 	C:\Windows\system32\MSCTF.dll
0x0000000070f10000 - 0x0000000070fe2000 	C:\Program Files\Android\Android Studio\jdk1.8.0_121\jre\bin\msvcr100.dll
0x000000006fdb0000 - 0x000000007064b000 	C:\Program Files\Android\Android Studio\jdk1.8.0_121\jre\bin\server\jvm.dll
0x000007fefa800000 - 0x000007fefa809000 	C:\Windows\system32\WSOCK32.dll
0x000007fefd3a0000 - 0x000007fefd3ed000 	C:\Windows\system32\WS2_32.dll
0x000007fefde70000 - 0x000007fefde78000 	C:\Windows\system32\NSI.dll
0x000007fef9fe0000 - 0x000007fefa01b000 	C:\Windows\system32\WINMM.dll
0x000007fefbdf0000 - 0x000007fefbdfc000 	C:\Windows\system32\VERSION.dll
0x0000000076f10000 - 0x0000000076f17000 	C:\Windows\system32\PSAPI.DLL
0x0000000073c90000 - 0x0000000073c9f000 	C:\Program Files\Android\Android Studio\jdk1.8.0_121\jre\bin\verify.dll
0x0000000072530000 - 0x0000000072559000 	C:\Program Files\Android\Android Studio\jdk1.8.0_121\jre\bin\java.dll
0x0000000073850000 - 0x0000000073866000 	C:\Program Files\Android\Android Studio\jdk1.8.0_121\jre\bin\zip.dll
0x000007fefde80000 - 0x000007fefec08000 	C:\Windows\system32\SHELL32.dll
0x000007fefec10000 - 0x000007fefee13000 	C:\Windows\system32\ole32.dll
0x000007fefcca0000 - 0x000007fefccaf000 	C:\Windows\system32\profapi.dll

VM Arguments:
jvm_args: -Djava.awt.headless=true -Xmx4g -Dfile.encoding=windows-1252 -Duser.country=US -Duser.language=en -Duser.variant 
java_command: com.android.dx.command.Main --dex --verbose --force-jumbo --num-threads=4 --multi-dex --output C:\Users\namrata.s\Downloads\Faast_New\app\build\intermediates\transforms\dex\debug\folders\1000\10\com.google.android.gms-play-services-base-11.0.1_3bfa1be8791de393245e9b782600318e88d3dfa2 C:\Users\namrata.s\Downloads\Faast_New\app\build\intermediates\exploded-aar\com.google.android.gms\play-services-base\11.0.1\jars\classes.jar
java_class_path (initial): C:\Users\namrata.s\AppData\Local\Android\Sdk\build-tools\25.0.2\lib\dx.jar
Launcher Type: SUN_STANDARD

Environment Variables:
PATH=C:\ProgramData\Oracle\Java\javapath;C:\Windows\system32;C:\Windows;C:\Windows\System32\Wbem;C:\Windows\System32\WindowsPowerShell\v1.0\;C:\Program Files\Intel\DMIX;C:\Program Files\Intel\WiFi\bin\;C:\Program Files\Common Files\Intel\WirelessCommon\;C:\Program Files\nodejs\;C:\Users\namrata.s\AppData\Roaming\npm
USERNAME=namrata.s
OS=Windows_NT
PROCESSOR_IDENTIFIER=Intel64 Family 6 Model 37 Stepping 5, GenuineIntel



---------------  S Y S T E M  ---------------

OS: Windows 7 , 64 bit Build 7601 (6.1.7601.17514)

CPU:total 4 (2 cores per cpu, 2 threads per core) family 6 model 37 stepping 5, cmov, cx8, fxsr, mmx, sse, sse2, sse3, ssse3, sse4.1, sse4.2, popcnt, aes, clmul, ht, tsc, tscinvbit

Memory: 4k page, physical 4052840k(248320k free), swap 7264724k(5196k free)

vm_info: Java HotSpot(TM) 64-Bit Server VM (25.121-b13) for windows-amd64 JRE (1.8.0_121-b13), built on Dec 12 2016 18:21:36 by "java_re" with MS VC++ 10.0 (VS2010)

time: Wed Jul 05 11:58:43 2017
elapsed time: 1 seconds (0d 0h 0m 1s)

