#
# There is insufficient memory for the Java Runtime Environment to continue.
# Native memory allocation (malloc) failed to allocate 32744 bytes for ChunkPool::allocate
# Possible reasons:
#   The system is out of physical RAM or swap space
#   In 32 bit mode, the process size limit was hit
# Possible solutions:
#   Reduce memory load on the system
#   Increase physical memory or swap space
#   Check if swap backing store is full
#   Use 64 bit Java on a 64 bit OS
#   Decrease Java heap size (-Xmx/-Xms)
#   Decrease number of Java threads
#   Set larger code cache with -XX:ReservedCodeCacheSize=
# This output file may be truncated or incomplete.
#
#  Out of Memory Error (allocation.cpp:273), pid=6000, tid=0x000000000000153c
#
# JRE version: Java(TM) SE Runtime Environment (8.0_121-b13) (build 1.8.0_121-b13)
# Java VM: Java HotSpot(TM) 64-Bit Server VM (25.121-b13 mixed mode windows-amd64 compressed oops)
# Failed to write core dump. Minidumps are not enabled by default on client versions of Windows
#

---------------  T H R E A D  ---------------

Current thread (0x000000001d578800):  JavaThread "C2 CompilerThread1" daemon [_thread_in_native, id=5436, stack(0x000000001df80000,0x000000001e080000)]

Stack: [0x000000001df80000,0x000000001e080000]
[error occurred during error reporting (printing stack bounds), id 0xc0000005]

Native frames: (J=compiled Java code, j=interpreted, Vv=VM code, C=native code)


Current CompileTask:
C2:   8938 1955   !   4       com.android.dx.cf.code.BytecodeArray::parseInstruction (2764 bytes)


---------------  P R O C E S S  ---------------

Java Threads: ( => current thread )
  0x000000001d8a6800 JavaThread "pool-1-thread-1" [_thread_in_vm, id=5184, stack(0x000000001e4f0000,0x000000001e5f0000)]
  0x000000001d608000 JavaThread "Service Thread" daemon [_thread_blocked, id=916, stack(0x000000001ddb0000,0x000000001deb0000)]
  0x000000001d57a800 JavaThread "C1 CompilerThread2" daemon [_thread_in_native, id=4696, stack(0x000000001e0b0000,0x000000001e1b0000)]
=>0x000000001d578800 JavaThread "C2 CompilerThread1" daemon [_thread_in_native, id=5436, stack(0x000000001df80000,0x000000001e080000)]
  0x000000001d574800 JavaThread "C2 CompilerThread0" daemon [_thread_in_native, id=4668, stack(0x000000001db50000,0x000000001dc50000)]
  0x000000001d571000 JavaThread "Attach Listener" daemon [_thread_blocked, id=5880, stack(0x000000001dca0000,0x000000001dda0000)]
  0x000000001d570800 JavaThread "Signal Dispatcher" daemon [_thread_blocked, id=5796, stack(0x000000001da00000,0x000000001db00000)]
  0x000000001c23a800 JavaThread "Finalizer" daemon [_thread_blocked, id=3836, stack(0x000000001d310000,0x000000001d410000)]
  0x000000001c1f3000 JavaThread "Reference Handler" daemon [_thread_blocked, id=5224, stack(0x000000001d470000,0x000000001d570000)]
  0x00000000023ce000 JavaThread "main" [_thread_blocked, id=1448, stack(0x00000000021f0000,0x00000000022f0000)]

Other Threads:
  0x000000001c1eb800 VMThread [stack: 0x000000001d1c0000,0x000000001d2c0000] [id=2428]
  0x000000001d60e800 WatcherThread [stack: 0x000000001e290000,0x000000001e390000] [id=5288]

VM state:synchronizing (normal execution)

VM Mutex/Monitor currently owned by a thread:  ([mutex/lock_event])
[0x00000000023cc520] Threads_lock - owner thread: 0x000000001c1eb800

Heap:
 PSYoungGen      total 66048K, used 11494K [0x000000076ab00000, 0x000000076ee00000, 0x00000007c0000000)
  eden space 63488K, 14% used [0x000000076ab00000,0x000000076b3bf860,0x000000076e900000)
  from space 2560K, 99% used [0x000000076e900000,0x000000076eb7a230,0x000000076eb80000)
  to   space 2560K, 0% used [0x000000076eb80000,0x000000076eb80000,0x000000076ee00000)
 ParOldGen       total 42496K, used 20539K [0x00000006c0000000, 0x00000006c2980000, 0x000000076ab00000)
  object space 42496K, 48% used [0x00000006c0000000,0x00000006c140ef30,0x00000006c2980000)
 Metaspace       used 6699K, capacity 7480K, committed 7680K, reserved 1056768K
  class space    used 647K, capacity 688K, committed 768K, reserved 1048576K

Card table byte_map: [0x0000000011ca0000,0x00000000124b0000] byte_map_base: 0x000000000e6a0000

Marking Bits: (ParMarkBitMap*) 0x00000000705cb6d0
 Begin Bits: [0x0000000013060000, 0x0000000017060000)
 End Bits:   [0x0000000017060000, 0x000000001b060000)

Polling page: 0x0000000000530000

CodeCache: size=245760Kb used=8281Kb max_used=8281Kb free=237478Kb
 bounds [0x00000000028e0000, 0x0000000003100000, 0x00000000118e0000]
 total_blobs=2343 nmethods=2080 adapters=176
 compilation: enabled

Compilation events (10 events):
Event: 7.502 Thread 0x000000001d57a800 nmethod 2278 0x00000000030f2910 code [0x00000000030f2a80, 0x00000000030f2c58]
Event: 7.503 Thread 0x000000001d57a800 2279       2       com.android.dx.dex.code.HighRegisterPrefix::calculateInsnsIfNecessary (73 bytes)
Event: 7.504 Thread 0x000000001d57a800 nmethod 2279 0x00000000030f2d90 code [0x00000000030f2f60, 0x00000000030f3458]
Event: 7.513 Thread 0x000000001d57a800 2280       2       com.android.dx.dex.code.SimpleInsn::withOpcode (17 bytes)
Event: 7.514 Thread 0x000000001d57a800 nmethod 2280 0x00000000030f3910 code [0x00000000030f3a80, 0x00000000030f3c68]
Event: 7.515 Thread 0x000000001d57a800 2281 %     3       com.android.dx.dex.code.StdCatchBuilder::build @ 33 (262 bytes)
Event: 7.520 Thread 0x000000001d57a800 nmethod 2281% 0x00000000030f3d50 code [0x00000000030f4260, 0x00000000030f7de8]
Event: 7.520 Thread 0x000000001d57a800 2282       2       com.android.dx.dex.code.InsnFormat::isRegListSequential (67 bytes)
Event: 7.521 Thread 0x000000001d57a800 nmethod 2282 0x00000000030fb010 code [0x00000000030fb1c0, 0x00000000030fb4d8]
Event: 7.521 Thread 0x000000001d57a800 2283       2       com.android.dx.rop.code.RegisterSpecList::subset (85 bytes)

GC Heap History (10 events):
Event: 0.944 GC heap before
{Heap before GC invocations=1 (full 0):
 PSYoungGen      total 18432K, used 15872K [0x000000076ab00000, 0x000000076bf80000, 0x00000007c0000000)
  eden space 15872K, 100% used [0x000000076ab00000,0x000000076ba80000,0x000000076ba80000)
  from space 2560K, 0% used [0x000000076bd00000,0x000000076bd00000,0x000000076bf80000)
  to   space 2560K, 0% used [0x000000076ba80000,0x000000076ba80000,0x000000076bd00000)
 ParOldGen       total 42496K, used 0K [0x00000006c0000000, 0x00000006c2980000, 0x000000076ab00000)
  object space 42496K, 0% used [0x00000006c0000000,0x00000006c0000000,0x00000006c2980000)
 Metaspace       used 5705K, capacity 6710K, committed 6784K, reserved 1056768K
  class space    used 607K, capacity 622K, committed 640K, reserved 1048576K
Event: 1.131 GC heap after
Heap after GC invocations=1 (full 0):
 PSYoungGen      total 18432K, used 2535K [0x000000076ab00000, 0x000000076cf00000, 0x00000007c0000000)
  eden space 15872K, 0% used [0x000000076ab00000,0x000000076ab00000,0x000000076ba80000)
  from space 2560K, 99% used [0x000000076ba80000,0x000000076bcf9c88,0x000000076bd00000)
  to   space 2560K, 0% used [0x000000076cc80000,0x000000076cc80000,0x000000076cf00000)
 ParOldGen       total 42496K, used 1285K [0x00000006c0000000, 0x00000006c2980000, 0x000000076ab00000)
  object space 42496K, 3% used [0x00000006c0000000,0x00000006c0141440,0x00000006c2980000)
 Metaspace       used 5705K, capacity 6710K, committed 6784K, reserved 1056768K
  class space    used 607K, capacity 622K, committed 640K, reserved 1048576K
}
Event: 2.115 GC heap before
{Heap before GC invocations=2 (full 0):
 PSYoungGen      total 18432K, used 18407K [0x000000076ab00000, 0x000000076cf00000, 0x00000007c0000000)
  eden space 15872K, 100% used [0x000000076ab00000,0x000000076ba80000,0x000000076ba80000)
  from space 2560K, 99% used [0x000000076ba80000,0x000000076bcf9c88,0x000000076bd00000)
  to   space 2560K, 0% used [0x000000076cc80000,0x000000076cc80000,0x000000076cf00000)
 ParOldGen       total 42496K, used 1285K [0x00000006c0000000, 0x00000006c2980000, 0x000000076ab00000)
  object space 42496K, 3% used [0x00000006c0000000,0x00000006c0141440,0x00000006c2980000)
 Metaspace       used 5993K, capacity 6904K, committed 7040K, reserved 1056768K
  class space    used 609K, capacity 624K, committed 640K, reserved 1048576K
Event: 2.233 GC heap after
Heap after GC invocations=2 (full 0):
 PSYoungGen      total 34304K, used 2533K [0x000000076ab00000, 0x000000076cf00000, 0x00000007c0000000)
  eden space 31744K, 0% used [0x000000076ab00000,0x000000076ab00000,0x000000076ca00000)
  from space 2560K, 98% used [0x000000076cc80000,0x000000076cef9410,0x000000076cf00000)
  to   space 2560K, 0% used [0x000000076ca00000,0x000000076ca00000,0x000000076cc80000)
 ParOldGen       total 42496K, used 3413K [0x00000006c0000000, 0x00000006c2980000, 0x000000076ab00000)
  object space 42496K, 8% used [0x00000006c0000000,0x00000006c0355418,0x00000006c2980000)
 Metaspace       used 5993K, capacity 6904K, committed 7040K, reserved 1056768K
  class space    used 609K, capacity 624K, committed 640K, reserved 1048576K
}
Event: 2.913 GC heap before
{Heap before GC invocations=3 (full 0):
 PSYoungGen      total 34304K, used 34277K [0x000000076ab00000, 0x000000076cf00000, 0x00000007c0000000)
  eden space 31744K, 100% used [0x000000076ab00000,0x000000076ca00000,0x000000076ca00000)
  from space 2560K, 98% used [0x000000076cc80000,0x000000076cef9410,0x000000076cf00000)
  to   space 2560K, 0% used [0x000000076ca00000,0x000000076ca00000,0x000000076cc80000)
 ParOldGen       total 42496K, used 3413K [0x00000006c0000000, 0x00000006c2980000, 0x000000076ab00000)
  object space 42496K, 8% used [0x00000006c0000000,0x00000006c0355418,0x00000006c2980000)
 Metaspace       used 6111K, capacity 7032K, committed 7296K, reserved 1056768K
  class space    used 609K, capacity 624K, committed 640K, reserved 1048576K
Event: 2.945 GC heap after
Heap after GC invocations=3 (full 0):
 PSYoungGen      total 34304K, used 2547K [0x000000076ab00000, 0x000000076ee00000, 0x00000007c0000000)
  eden space 31744K, 0% used [0x000000076ab00000,0x000000076ab00000,0x000000076ca00000)
  from space 2560K, 99% used [0x000000076ca00000,0x000000076cc7cd40,0x000000076cc80000)
  to   space 2560K, 0% used [0x000000076eb80000,0x000000076eb80000,0x000000076ee00000)
 ParOldGen       total 42496K, used 7196K [0x00000006c0000000, 0x00000006c2980000, 0x000000076ab00000)
  object space 42496K, 16% used [0x00000006c0000000,0x00000006c07073d0,0x00000006c2980000)
 Metaspace       used 6111K, capacity 7032K, committed 7296K, reserved 1056768K
  class space    used 609K, capacity 624K, committed 640K, reserved 1048576K
}
Event: 3.843 GC heap before
{Heap before GC invocations=4 (full 0):
 PSYoungGen      total 34304K, used 34291K [0x000000076ab00000, 0x000000076ee00000, 0x00000007c0000000)
  eden space 31744K, 100% used [0x000000076ab00000,0x000000076ca00000,0x000000076ca00000)
  from space 2560K, 99% used [0x000000076ca00000,0x000000076cc7cd40,0x000000076cc80000)
  to   space 2560K, 0% used [0x000000076eb80000,0x000000076eb80000,0x000000076ee00000)
 ParOldGen       total 42496K, used 7196K [0x00000006c0000000, 0x00000006c2980000, 0x000000076ab00000)
  object space 42496K, 16% used [0x00000006c0000000,0x00000006c07073d0,0x00000006c2980000)
 Metaspace       used 6221K, capacity 7064K, committed 7424K, reserved 1056768K
  class space    used 628K, capacity 656K, committed 768K, reserved 1048576K
Event: 4.025 GC heap after
Heap after GC invocations=4 (full 0):
 PSYoungGen      total 66048K, used 2535K [0x000000076ab00000, 0x000000076ee00000, 0x00000007c0000000)
  eden space 63488K, 0% used [0x000000076ab00000,0x000000076ab00000,0x000000076e900000)
  from space 2560K, 99% used [0x000000076eb80000,0x000000076edf9e28,0x000000076ee00000)
  to   space 2560K, 0% used [0x000000076e900000,0x000000076e900000,0x000000076eb80000)
 ParOldGen       total 42496K, used 12383K [0x00000006c0000000, 0x00000006c2980000, 0x000000076ab00000)
  object space 42496K, 29% used [0x00000006c0000000,0x00000006c0c17d18,0x00000006c2980000)
 Metaspace       used 6221K, capacity 7064K, committed 7424K, reserved 1056768K
  class space    used 628K, capacity 656K, committed 768K, reserved 1048576K
}
Event: 6.586 GC heap before
{Heap before GC invocations=5 (full 0):
 PSYoungGen      total 66048K, used 66023K [0x000000076ab00000, 0x000000076ee00000, 0x00000007c0000000)
  eden space 63488K, 100% used [0x000000076ab00000,0x000000076e900000,0x000000076e900000)
  from space 2560K, 99% used [0x000000076eb80000,0x000000076edf9e28,0x000000076ee00000)
  to   space 2560K, 0% used [0x000000076e900000,0x000000076e900000,0x000000076eb80000)
 ParOldGen       total 42496K, used 12383K [0x00000006c0000000, 0x00000006c2980000, 0x000000076ab00000)
  object space 42496K, 29% used [0x00000006c0000000,0x00000006c0c17d18,0x00000006c2980000)
 Metaspace       used 6394K, capacity 7192K, committed 7424K, reserved 1056768K
  class space    used 630K, capacity 656K, committed 768K, reserved 1048576K
Event: 6.801 GC heap after
Heap after GC invocations=5 (full 0):
 PSYoungGen      total 66048K, used 2536K [0x000000076ab00000, 0x000000076ee00000, 0x00000007c0000000)
  eden space 63488K, 0% used [0x000000076ab00000,0x000000076ab00000,0x000000076e900000)
  from space 2560K, 99% used [0x000000076e900000,0x000000076eb7a230,0x000000076eb80000)
  to   space 2560K, 0% used [0x000000076eb80000,0x000000076eb80000,0x000000076ee00000)
 ParOldGen       total 42496K, used 20539K [0x00000006c0000000, 0x00000006c2980000, 0x000000076ab00000)
  object space 42496K, 48% used [0x00000006c0000000,0x00000006c140ef30,0x00000006c2980000)
 Metaspace       used 6394K, capacity 7192K, committed 7424K, reserved 1056768K
  class space    used 630K, capacity 656K, committed 768K, reserved 1048576K
}

Deoptimization events (10 events):
Event: 6.492 Thread 0x000000001d82a800 Uncommon trap: reason=bimorphic action=maybe_recompile pc=0x0000000002fe7f78 method=com.android.dx.cf.code.BytecodeArray.parseInstruction(ILcom/android/dx/cf/code/BytecodeArray$Visitor;)I @ 2135
Event: 7.092 Thread 0x000000001d8a6800 Uncommon trap: reason=class_check action=maybe_recompile pc=0x0000000002d53b6c method=java.util.Arrays.hashCode([Ljava/lang/Object;)I @ 43
Event: 7.092 Thread 0x000000001d8a6800 Uncommon trap: reason=class_check action=maybe_recompile pc=0x0000000002d53b6c method=java.util.Arrays.hashCode([Ljava/lang/Object;)I @ 43
Event: 7.093 Thread 0x000000001d8a6800 Uncommon trap: reason=class_check action=maybe_recompile pc=0x0000000002d53b6c method=java.util.Arrays.hashCode([Ljava/lang/Object;)I @ 43
Event: 7.093 Thread 0x000000001d8a6800 Uncommon trap: reason=class_check action=maybe_recompile pc=0x0000000002d53b6c method=java.util.Arrays.hashCode([Ljava/lang/Object;)I @ 43
Event: 7.093 Thread 0x000000001d8a6800 Uncommon trap: reason=class_check action=maybe_recompile pc=0x0000000002d57dd0 method=java.util.Arrays.hashCode([Ljava/lang/Object;)I @ 43
Event: 7.272 Thread 0x000000001d8a6800 Uncommon trap: reason=speculate_class_check action=maybe_recompile pc=0x0000000002c04acc method=com.android.dx.util.FixedSizeList.equals(Ljava/lang/Object;)Z @ 25
Event: 7.272 Thread 0x000000001d8a6800 Uncommon trap: reason=speculate_class_check action=maybe_recompile pc=0x0000000002c04acc method=com.android.dx.util.FixedSizeList.equals(Ljava/lang/Object;)Z @ 25
Event: 7.272 Thread 0x000000001d8a6800 Uncommon trap: reason=speculate_class_check action=maybe_recompile pc=0x0000000002c04acc method=com.android.dx.util.FixedSizeList.equals(Ljava/lang/Object;)Z @ 25
Event: 7.272 Thread 0x000000001d8a6800 Uncommon trap: reason=speculate_class_check action=maybe_recompile pc=0x0000000002c04acc method=com.android.dx.util.FixedSizeList.equals(Ljava/lang/Object;)Z @ 25

Internal exceptions (6 events):
Event: 0.069 Thread 0x00000000023ce000 Exception <a 'java/lang/NoSuchMethodError': Method sun.misc.Unsafe.defineClass(Ljava/lang/String;[BII)Ljava/lang/Class; name or signature does not match> (0x000000076ab07ca8) thrown at [C:\re\workspace\8-2-build-windows-amd64-cygwin\jdk8u121\8372\hotspot\
Event: 0.069 Thread 0x00000000023ce000 Exception <a 'java/lang/NoSuchMethodError': Method sun.misc.Unsafe.prefetchRead(Ljava/lang/Object;J)V name or signature does not match> (0x000000076ab07f90) thrown at [C:\re\workspace\8-2-build-windows-amd64-cygwin\jdk8u121\8372\hotspot\src\share\vm\prims
Event: 2.891 Thread 0x000000001d82a800 Implicit null exception at 0x0000000002b732bd to 0x0000000002b75375
Event: 3.280 Thread 0x000000001d82a800 Exception <a 'java/lang/ArrayIndexOutOfBoundsException': 18> (0x000000076ab15fd0) thrown at [C:\re\workspace\8-2-build-windows-amd64-cygwin\jdk8u121\8372\hotspot\src\share\vm\interpreter\interpreterRuntime.cpp, line 366]
Event: 3.281 Thread 0x000000001d82a800 Exception <a 'java/lang/ArrayIndexOutOfBoundsException': 145> (0x000000076ab17b50) thrown at [C:\re\workspace\8-2-build-windows-amd64-cygwin\jdk8u121\8372\hotspot\src\share\vm\interpreter\interpreterRuntime.cpp, line 366]
Event: 3.283 Thread 0x000000001d82a800 Exception <a 'java/lang/ArrayIndexOutOfBoundsException': 40> (0x000000076ab18e38) thrown at [C:\re\workspace\8-2-build-windows-amd64-cygwin\jdk8u121\8372\hotspot\src\share\vm\interpreter\interpreterRuntime.cpp, line 366]

Events (10 events):
Event: 7.415 Thread 0x000000001d8a6800 DEOPT PACKING pc=0x00000000030bd8ee sp=0x000000001e5ee820
Event: 7.415 Thread 0x000000001d8a6800 DEOPT UNPACKING pc=0x000000000292747f sp=0x000000001e5ee5a8 mode 0
Event: 7.448 Thread 0x000000001d8a6800 DEOPT PACKING pc=0x000000000309b0f1 sp=0x000000001e5ee7f0
Event: 7.448 Thread 0x000000001d8a6800 DEOPT UNPACKING pc=0x000000000292747f sp=0x000000001e5ee578 mode 0
Event: 7.450 Thread 0x000000001d8a6800 DEOPT PACKING pc=0x00000000030a6fa4 sp=0x000000001e5ee6e0
Event: 7.450 Thread 0x000000001d8a6800 DEOPT UNPACKING pc=0x000000000292747f sp=0x000000001e5ee528 mode 0
Event: 7.474 Thread 0x000000001d8a6800 DEOPT PACKING pc=0x00000000030a031a sp=0x000000001e5ee800
Event: 7.474 Thread 0x000000001d8a6800 DEOPT UNPACKING pc=0x000000000292747f sp=0x000000001e5ee5c8 mode 0
Event: 7.487 Thread 0x000000001d8a6800 DEOPT PACKING pc=0x00000000030bb730 sp=0x000000001e5ee800
Event: 7.487 Thread 0x000000001d8a6800 DEOPT UNPACKING pc=0x000000000292747f sp=0x000000001e5ee550 mode 0


Dynamic libraries:
0x000000013fd60000 - 0x000000013fd97000 	C:\Program Files\Android\Android Studio\jdk1.8.0_121\bin\java.exe
0x0000000076d50000 - 0x0000000076ef9000 	C:\Windows\SYSTEM32\ntdll.dll
0x0000000076c30000 - 0x0000000076d4f000 	C:\Windows\system32\kernel32.dll
0x000007fefcd90000 - 0x000007fefcdfb000 	C:\Windows\system32\KERNELBASE.dll
0x000007fefef80000 - 0x000007feff05b000 	C:\Windows\system32\ADVAPI32.dll
0x000007fefd960000 - 0x000007fefd9ff000 	C:\Windows\system32\msvcrt.dll
0x000007fefdb10000 - 0x000007fefdb2f000 	C:\Windows\SYSTEM32\sechost.dll
0x000007fefdd40000 - 0x000007fefde6d000 	C:\Windows\system32\RPCRT4.dll
0x0000000076b30000 - 0x0000000076c2a000 	C:\Windows\system32\USER32.dll
0x000007fefee20000 - 0x000007fefee87000 	C:\Windows\system32\GDI32.dll
0x000007fefef70000 - 0x000007fefef7e000 	C:\Windows\system32\LPK.dll
0x000007fefd070000 - 0x000007fefd139000 	C:\Windows\system32\USP10.dll
0x000007fefb350000 - 0x000007fefb544000 	C:\Windows\WinSxS\amd64_microsoft.windows.common-controls_6595b64144ccf1df_6.0.7601.17514_none_fa396087175ac9ac\COMCTL32.dll
0x000007fefd840000 - 0x000007fefd8b1000 	C:\Windows\system32\SHLWAPI.dll
0x000007fefd810000 - 0x000007fefd83e000 	C:\Windows\system32\IMM32.DLL
0x000007fefda00000 - 0x000007fefdb09000 	C:\Windows\system32\MSCTF.dll
0x0000000070f10000 - 0x0000000070fe2000 	C:\Program Files\Android\Android Studio\jdk1.8.0_121\jre\bin\msvcr100.dll
0x000000006fdb0000 - 0x000000007064b000 	C:\Program Files\Android\Android Studio\jdk1.8.0_121\jre\bin\server\jvm.dll
0x000007fefa800000 - 0x000007fefa809000 	C:\Windows\system32\WSOCK32.dll
0x000007fefd3a0000 - 0x000007fefd3ed000 	C:\Windows\system32\WS2_32.dll
0x000007fefde70000 - 0x000007fefde78000 	C:\Windows\system32\NSI.dll
0x000007fef9fe0000 - 0x000007fefa01b000 	C:\Windows\system32\WINMM.dll
0x000007fefbdf0000 - 0x000007fefbdfc000 	C:\Windows\system32\VERSION.dll
0x0000000076f10000 - 0x0000000076f17000 	C:\Windows\system32\PSAPI.DLL
0x0000000073c90000 - 0x0000000073c9f000 	C:\Program Files\Android\Android Studio\jdk1.8.0_121\jre\bin\verify.dll
0x0000000072530000 - 0x0000000072559000 	C:\Program Files\Android\Android Studio\jdk1.8.0_121\jre\bin\java.dll
0x0000000073850000 - 0x0000000073866000 	C:\Program Files\Android\Android Studio\jdk1.8.0_121\jre\bin\zip.dll
0x000007fefde80000 - 0x000007fefec08000 	C:\Windows\system32\SHELL32.dll
0x000007fefec10000 - 0x000007fefee13000 	C:\Windows\system32\ole32.dll
0x000007fefcca0000 - 0x000007fefccaf000 	C:\Windows\system32\profapi.dll

VM Arguments:
jvm_args: -Djava.awt.headless=true -Xmx4g -Dfile.encoding=windows-1252 -Duser.country=US -Duser.language=en -Duser.variant 
java_command: com.android.dx.command.Main --dex --verbose --force-jumbo --num-threads=4 --multi-dex --output C:\Users\namrata.s\Downloads\Faast_New\app\build\intermediates\transforms\dex\debug\folders\1000\10\com.android.support-support-core-ui-25.3.1_b0d2bd578e82b3093480694429601b85cad3091a C:\Users\namrata.s\Downloads\Faast_New\app\build\intermediates\exploded-aar\com.android.support\support-core-ui\25.3.1\jars\classes.jar
java_class_path (initial): C:\Users\namrata.s\AppData\Local\Android\Sdk\build-tools\25.0.2\lib\dx.jar
Launcher Type: SUN_STANDARD

Environment Variables:
PATH=C:\ProgramData\Oracle\Java\javapath;C:\Windows\system32;C:\Windows;C:\Windows\System32\Wbem;C:\Windows\System32\WindowsPowerShell\v1.0\;C:\Program Files\Intel\DMIX;C:\Program Files\Intel\WiFi\bin\;C:\Program Files\Common Files\Intel\WirelessCommon\;C:\Program Files\nodejs\;C:\Users\namrata.s\AppData\Roaming\npm
USERNAME=namrata.s
OS=Windows_NT
PROCESSOR_IDENTIFIER=Intel64 Family 6 Model 37 Stepping 5, GenuineIntel



---------------  S Y S T E M  ---------------

OS: Windows 7 , 64 bit Build 7601 (6.1.7601.17514)

CPU:total 4 (2 cores per cpu, 2 threads per core) family 6 model 37 stepping 5, cmov, cx8, fxsr, mmx, sse, sse2, sse3, ssse3, sse4.1, sse4.2, popcnt, aes, clmul, ht, tsc, tscinvbit

Memory: 4k page, physical 4052840k(244124k free), swap 7264724k(4624k free)

vm_info: Java HotSpot(TM) 64-Bit Server VM (25.121-b13) for windows-amd64 JRE (1.8.0_121-b13), built on Dec 12 2016 18:21:36 by "java_re" with MS VC++ 10.0 (VS2010)

time: Wed Jul 05 11:58:42 2017
elapsed time: 8 seconds (0d 0h 0m 8s)

