#
# There is insufficient memory for the Java Runtime Environment to continue.
# Native memory allocation (malloc) failed to allocate 187536 bytes for Chunk::new
# Possible reasons:
#   The system is out of physical RAM or swap space
#   In 32 bit mode, the process size limit was hit
# Possible solutions:
#   Reduce memory load on the system
#   Increase physical memory or swap space
#   Check if swap backing store is full
#   Use 64 bit Java on a 64 bit OS
#   Decrease Java heap size (-Xmx/-Xms)
#   Decrease number of Java threads
#   Decrease Java thread stack sizes (-Xss)
#   Set larger code cache with -XX:ReservedCodeCacheSize=
# This output file may be truncated or incomplete.
#
#  Out of Memory Error (allocation.cpp:390), pid=5216, tid=0x0000000000000f34
#
# JRE version: Java(TM) SE Runtime Environment (8.0_121-b13) (build 1.8.0_121-b13)
# Java VM: Java HotSpot(TM) 64-Bit Server VM (25.121-b13 mixed mode windows-amd64 compressed oops)
# Failed to write core dump. Minidumps are not enabled by default on client versions of Windows
#

---------------  T H R E A D  ---------------

Current thread (0x000000001c265800):  JavaThread "C2 CompilerThread0" daemon [_thread_in_native, id=3892, stack(0x000000001d6f0000,0x000000001d7f0000)]

Stack: [0x000000001d6f0000,0x000000001d7f0000]
[error occurred during error reporting (printing stack bounds), id 0xc0000005]

Native frames: (J=compiled Java code, j=interpreted, Vv=VM code, C=native code)


Current CompileTask:
C2:   1397  502       4       com.android.dx.ssa.NormalSsaInsn::accept (25 bytes)


---------------  P R O C E S S  ---------------

Java Threads: ( => current thread )
  0x000000001dd4d000 JavaThread "pool-2-thread-4" [_thread_blocked, id=6584, stack(0x000000001e510000,0x000000001e610000)]
  0x000000001dd04000 JavaThread "pool-2-thread-3" [_thread_in_Java, id=4952, stack(0x000000001e9d0000,0x000000001ead0000)]
  0x000000001dcfc000 JavaThread "pool-2-thread-2" [_thread_blocked, id=5316, stack(0x000000001e7f0000,0x000000001e8f0000)]
  0x000000001dbe9800 JavaThread "pool-3-thread-1" [_thread_blocked, id=6152, stack(0x000000001e610000,0x000000001e710000)]
  0x000000001dbe8800 JavaThread "pool-2-thread-1" [_thread_blocked, id=2964, stack(0x000000001e0b0000,0x000000001e1b0000)]
  0x000000001db10800 JavaThread "Service Thread" daemon [_thread_blocked, id=6872, stack(0x000000001e250000,0x000000001e350000)]
  0x000000001dad4800 JavaThread "C1 CompilerThread2" daemon [_thread_in_native, id=5308, stack(0x000000001dfa0000,0x000000001e0a0000)]
  0x000000001c269800 JavaThread "C2 CompilerThread1" daemon [_thread_in_native, id=7124, stack(0x000000001d980000,0x000000001da80000)]
=>0x000000001c265800 JavaThread "C2 CompilerThread0" daemon [_thread_in_native, id=3892, stack(0x000000001d6f0000,0x000000001d7f0000)]
  0x000000001c262000 JavaThread "Attach Listener" daemon [_thread_blocked, id=1384, stack(0x000000001d860000,0x000000001d960000)]
  0x000000001c260800 JavaThread "Signal Dispatcher" daemon [_thread_blocked, id=3984, stack(0x000000001d590000,0x000000001d690000)]
  0x000000001c24a800 JavaThread "Finalizer" daemon [_thread_blocked, id=4328, stack(0x000000001d080000,0x000000001d180000)]
  0x000000001c203000 JavaThread "Reference Handler" daemon [_thread_blocked, id=4844, stack(0x000000001d370000,0x000000001d470000)]
  0x000000000229e000 JavaThread "main" [_thread_blocked, id=5988, stack(0x00000000025e0000,0x00000000026e0000)]

Other Threads:
  0x000000001c1fb800 VMThread [stack: 0x000000001d1f0000,0x000000001d2f0000] [id=5820]
  0x000000001db1b000 WatcherThread [stack: 0x000000001e370000,0x000000001e470000] [id=4652]

VM state:at safepoint (normal execution)

VM Mutex/Monitor currently owned by a thread:  ([mutex/lock_event])
[0x000000000229c3e0] Safepoint_lock - owner thread: 0x000000001c1fb800
[0x000000000229c460] Threads_lock - owner thread: 0x000000001c1fb800
[0x000000000229c960] Heap_lock - owner thread: 0x000000001dd04000
[0x000000000229cee0] MethodData_lock - owner thread: 0x000000001dd04000

Heap:
 PSYoungGen      total 18432K, used 9904K [0x000000076ab00000, 0x000000076bf80000, 0x00000007c0000000)
  eden space 15872K, 62% used [0x000000076ab00000,0x000000076b4ac120,0x000000076ba80000)
  from space 2560K, 0% used [0x000000076bd00000,0x000000076bd00000,0x000000076bf80000)
  to   space 2560K, 0% used [0x000000076ba80000,0x000000076ba80000,0x000000076bd00000)
 ParOldGen       total 42496K, used 0K [0x00000006c0000000, 0x00000006c2980000, 0x000000076ab00000)
  object space 42496K, 0% used [0x00000006c0000000,0x00000006c0000000,0x00000006c2980000)
 Metaspace       used 5423K, capacity 6452K, committed 6528K, reserved 1060864K
  class space    used 594K, capacity 620K, committed 640K, reserved 1048576K

Card table byte_map: [0x0000000011d70000,0x0000000012580000] byte_map_base: 0x000000000e770000

Marking Bits: (ParMarkBitMap*) 0x000000006ee4b6d0
 Begin Bits: [0x0000000013070000, 0x0000000017070000)
 End Bits:   [0x0000000017070000, 0x000000001b070000)

Polling page: 0x0000000000230000

CodeCache: size=245760Kb used=2182Kb max_used=2182Kb free=243577Kb
 bounds [0x00000000029b0000, 0x0000000002c20000, 0x00000000119b0000]
 total_blobs=782 nmethods=522 adapters=174
 compilation: enabled

Compilation events (10 events):
Event: 1.393 Thread 0x000000001dad4800  511       3       com.android.dx.rop.code.PlainInsn::getCatches (4 bytes)
Event: 1.393 Thread 0x000000001dad4800 nmethod 511 0x0000000002bcf4d0 code [0x0000000002bcf620, 0x0000000002bcf770]
Event: 1.393 Thread 0x000000001dad4800  522       3       com.android.dx.cf.code.ExecutionStack::pop (54 bytes)
Event: 1.393 Thread 0x000000001dad4800 nmethod 522 0x0000000002bcf810 code [0x0000000002bcf9e0, 0x0000000002bd0118]
Event: 1.393 Thread 0x000000001dad4800  521   !   3       com.android.dx.cf.code.ExecutionStack::push (102 bytes)
Event: 1.394 Thread 0x000000001c269800  529       4       java.util.HashMap::getNode (148 bytes)
Event: 1.395 Thread 0x000000001dad4800 nmethod 521 0x0000000002bd0410 code [0x0000000002bd0680, 0x0000000002bd1788]
Event: 1.395 Thread 0x000000001dad4800  523       3       com.android.dx.util.IntList::<init> (6 bytes)
Event: 1.395 Thread 0x000000001dad4800 nmethod 523 0x0000000002bd2050 code [0x0000000002bd21c0, 0x0000000002bd2348]
Event: 1.395 Thread 0x000000001dad4800  531       3       com.android.dx.ssa.SCCP::simulateBranch (666 bytes)

GC Heap History (0 events):
No events

Deoptimization events (1 events):
Event: 1.340 Thread 0x000000001dd04000 Uncommon trap: reason=unstable_if action=reinterpret pc=0x0000000002b8a828 method=java.util.HashMap.getNode(ILjava/lang/Object;)Ljava/util/HashMap$Node; @ 62

Internal exceptions (2 events):
Event: 0.049 Thread 0x000000000229e000 Exception <a 'java/lang/NoSuchMethodError': Method sun.misc.Unsafe.defineClass(Ljava/lang/String;[BII)Ljava/lang/Class; name or signature does not match> (0x000000076ab07ca8) thrown at [C:\re\workspace\8-2-build-windows-amd64-cygwin\jdk8u121\8372\hotspot\
Event: 0.049 Thread 0x000000000229e000 Exception <a 'java/lang/NoSuchMethodError': Method sun.misc.Unsafe.prefetchRead(Ljava/lang/Object;J)V name or signature does not match> (0x000000076ab07f90) thrown at [C:\re\workspace\8-2-build-windows-amd64-cygwin\jdk8u121\8372\hotspot\src\share\vm\prims

Events (10 events):
Event: 1.329 loading class com/android/dx/dex/file/MethodIdItem done
Event: 1.330 loading class com/android/dx/cf/code/SwitchList
Event: 1.330 loading class com/android/dx/cf/code/SwitchList done
Event: 1.340 Thread 0x000000001dd04000 Uncommon trap: trap_request=0xffffff65 fr.pc=0x0000000002b8a828
Event: 1.340 Thread 0x000000001dd04000 DEOPT PACKING pc=0x0000000002b8a828 sp=0x000000001eace5f0
Event: 1.340 Thread 0x000000001dd04000 DEOPT UNPACKING pc=0x00000000029f582a sp=0x000000001eace568 mode 2
Event: 1.345 loading class com/android/dx/ssa/back/FirstFitLocalCombiningAllocator$Multiset
Event: 1.345 loading class com/android/dx/ssa/back/FirstFitLocalCombiningAllocator$Multiset done
Event: 1.349 loading class java/util/DualPivotQuicksort
Event: 1.388 loading class java/util/DualPivotQuicksort done


Dynamic libraries:
0x000000013f500000 - 0x000000013f537000 	C:\Program Files\Android\Android Studio\jdk1.8.0_121\bin\java.exe
0x0000000076fb0000 - 0x0000000077159000 	C:\Windows\SYSTEM32\ntdll.dll
0x0000000076d90000 - 0x0000000076eaf000 	C:\Windows\system32\kernel32.dll
0x000007fefd220000 - 0x000007fefd28b000 	C:\Windows\system32\KERNELBASE.dll
0x000007fefef60000 - 0x000007feff03b000 	C:\Windows\system32\ADVAPI32.dll
0x000007fefd6e0000 - 0x000007fefd77f000 	C:\Windows\system32\msvcrt.dll
0x000007fefdd20000 - 0x000007fefdd3f000 	C:\Windows\SYSTEM32\sechost.dll
0x000007fefd510000 - 0x000007fefd63d000 	C:\Windows\system32\RPCRT4.dll
0x0000000076eb0000 - 0x0000000076faa000 	C:\Windows\system32\USER32.dll
0x000007fefde20000 - 0x000007fefde87000 	C:\Windows\system32\GDI32.dll
0x000007fefd370000 - 0x000007fefd37e000 	C:\Windows\system32\LPK.dll
0x000007fefd780000 - 0x000007fefd849000 	C:\Windows\system32\USP10.dll
0x000007fefb5b0000 - 0x000007fefb7a4000 	C:\Windows\WinSxS\amd64_microsoft.windows.common-controls_6595b64144ccf1df_6.0.7601.17514_none_fa396087175ac9ac\COMCTL32.dll
0x000007fefeeb0000 - 0x000007fefef21000 	C:\Windows\system32\SHLWAPI.dll
0x000007fefef30000 - 0x000007fefef5e000 	C:\Windows\system32\IMM32.DLL
0x000007fefec20000 - 0x000007fefed29000 	C:\Windows\system32\MSCTF.dll
0x0000000070ff0000 - 0x00000000710c2000 	C:\Program Files\Android\Android Studio\jdk1.8.0_121\jre\bin\msvcr100.dll
0x000000006e630000 - 0x000000006eecb000 	C:\Program Files\Android\Android Studio\jdk1.8.0_121\jre\bin\server\jvm.dll
0x000007fefaa60000 - 0x000007fefaa69000 	C:\Windows\system32\WSOCK32.dll
0x000007fefd4c0000 - 0x000007fefd50d000 	C:\Windows\system32\WS2_32.dll
0x000007fefd4b0000 - 0x000007fefd4b8000 	C:\Windows\system32\NSI.dll
0x000007fefa240000 - 0x000007fefa27b000 	C:\Windows\system32\WINMM.dll
0x000007fefc050000 - 0x000007fefc05c000 	C:\Windows\system32\VERSION.dll
0x0000000077170000 - 0x0000000077177000 	C:\Windows\system32\PSAPI.DLL
0x0000000073530000 - 0x000000007353f000 	C:\Program Files\Android\Android Studio\jdk1.8.0_121\jre\bin\verify.dll
0x0000000072260000 - 0x0000000072289000 	C:\Program Files\Android\Android Studio\jdk1.8.0_121\jre\bin\java.dll
0x00000000725e0000 - 0x00000000725f6000 	C:\Program Files\Android\Android Studio\jdk1.8.0_121\jre\bin\zip.dll
0x000007fefde90000 - 0x000007fefec18000 	C:\Windows\system32\SHELL32.dll
0x000007fefdb10000 - 0x000007fefdd13000 	C:\Windows\system32\ole32.dll
0x000007fefcf00000 - 0x000007fefcf0f000 	C:\Windows\system32\profapi.dll

VM Arguments:
jvm_args: -Djava.awt.headless=true -Xmx4g -Dfile.encoding=windows-1252 -Duser.country=US -Duser.language=en -Duser.variant 
java_command: com.android.dx.command.Main --dex --verbose --force-jumbo --num-threads=4 --multi-dex --output C:\Users\namrata.s\Downloads\Faast_New\app\build\intermediates\transforms\dex\debug\folders\1000\5\slice_7 C:\Users\namrata.s\Downloads\Faast_New\app\build\intermediates\transforms\instantRunSlicer\debug\folders\1\5\slice_7
java_class_path (initial): C:\Users\namrata.s\AppData\Local\Android\Sdk\build-tools\25.0.2\lib\dx.jar
Launcher Type: SUN_STANDARD

Environment Variables:
PATH=C:\ProgramData\Oracle\Java\javapath;C:\Windows\system32;C:\Windows;C:\Windows\System32\Wbem;C:\Windows\System32\WindowsPowerShell\v1.0\;C:\Program Files\Intel\DMIX;C:\Program Files\Intel\WiFi\bin\;C:\Program Files\Common Files\Intel\WirelessCommon\;C:\Program Files\nodejs\;C:\Users\namrata.s\AppData\Roaming\npm
USERNAME=namrata.s
OS=Windows_NT
PROCESSOR_IDENTIFIER=Intel64 Family 6 Model 37 Stepping 5, GenuineIntel



---------------  S Y S T E M  ---------------

OS: Windows 7 , 64 bit Build 7601 (6.1.7601.17514)

CPU:total 4 (2 cores per cpu, 2 threads per core) family 6 model 37 stepping 5, cmov, cx8, fxsr, mmx, sse, sse2, sse3, ssse3, sse4.1, sse4.2, popcnt, aes, clmul, ht, tsc, tscinvbit

Memory: 4k page, physical 4052840k(906888k free), swap 5971352k(5148k free)

vm_info: Java HotSpot(TM) 64-Bit Server VM (25.121-b13) for windows-amd64 JRE (1.8.0_121-b13), built on Dec 12 2016 18:21:36 by "java_re" with MS VC++ 10.0 (VS2010)

time: Fri Jun 30 15:03:25 2017
elapsed time: 1 seconds (0d 0h 0m 1s)

